
2024-06-19 19:14:06,274-07:00 command.engine.getconfiguration SUCCEEDED []
{
  "uuid": "",
  "schedule_id": "",
  "schedule_etag": "",
  "timestamp": "",
  "command": "command.engine.getconfiguration",
  "error_code": 0,
  "error_message": "",
  "initiating_user_sid": "",
  "user": "",
  "user_job_id": "5d0c6c5a-ab97-4821-a2ff-76279c0d6e53",
  "data": "",
  "IsExecuting": false,
  "IsCancelled": false,
  "IsComplete": false,
  "IsSequenced": false,
  "SequenceId": 0,
  "IsUserInitiated": false
}

2024-06-19 20:14:06,296-07:00 command.engine.getconfiguration SUCCEEDED []
{
  "uuid": "",
  "schedule_id": "",
  "schedule_etag": "",
  "timestamp": "",
  "command": "command.engine.getconfiguration",
  "error_code": 0,
  "error_message": "",
  "initiating_user_sid": "",
  "user": "",
  "user_job_id": "c0f1e5c5-3b6c-488f-b4a8-87bc32c29078",
  "data": "",
  "IsExecuting": false,
  "IsCancelled": false,
  "IsComplete": false,
  "IsSequenced": false,
  "SequenceId": 0,
  "IsUserInitiated": false
}

2024-06-19 21:14:06,280-07:00 command.engine.getconfiguration SUCCEEDED []
{
  "uuid": "",
  "schedule_id": "",
  "schedule_etag": "",
  "timestamp": "",
  "command": "command.engine.getconfiguration",
  "error_code": 0,
  "error_message": "",
  "initiating_user_sid": "",
  "user": "",
  "user_job_id": "35b014b1-7d0b-43d5-9b87-8143b2f2ad82",
  "data": "",
  "IsExecuting": false,
  "IsCancelled": false,
  "IsComplete": false,
  "IsSequenced": false,
  "SequenceId": 0,
  "IsUserInitiated": false
}

2024-06-19 22:14:06,291-07:00 command.engine.getconfiguration SUCCEEDED []
{
  "uuid": "",
  "schedule_id": "",
  "schedule_etag": "",
  "timestamp": "",
  "command": "command.engine.getconfiguration",
  "error_code": 0,
  "error_message": "",
  "initiating_user_sid": "",
  "user": "",
  "user_job_id": "ae061869-b76e-473b-83d9-9c6279919b19",
  "data": "",
  "IsExecuting": false,
  "IsCancelled": false,
  "IsComplete": false,
  "IsSequenced": false,
  "SequenceId": 0,
  "IsUserInitiated": false
}

2024-06-19 23:14:06,311-07:00 command.engine.getconfiguration SUCCEEDED []
{
  "uuid": "",
  "schedule_id": "",
  "schedule_etag": "",
  "timestamp": "",
  "command": "command.engine.getconfiguration",
  "error_code": 0,
  "error_message": "",
  "initiating_user_sid": "",
  "user": "",
  "user_job_id": "6d3c9be9-8da2-44fa-b7a6-3595f25637b7",
  "data": "",
  "IsExecuting": false,
  "IsCancelled": false,
  "IsComplete": false,
  "IsSequenced": false,
  "SequenceId": 0,
  "IsUserInitiated": false
}

2024-06-20 00:14:06,331-07:00 command.engine.getconfiguration SUCCEEDED []
{
  "uuid": "",
  "schedule_id": "",
  "schedule_etag": "",
  "timestamp": "",
  "command": "command.engine.getconfiguration",
  "error_code": 0,
  "error_message": "",
  "initiating_user_sid": "",
  "user": "",
  "user_job_id": "29c10cdc-9009-4a4a-a597-bb6169e54ff8",
  "data": "",
  "IsExecuting": false,
  "IsCancelled": false,
  "IsComplete": false,
  "IsSequenced": false,
  "SequenceId": 0,
  "IsUserInitiated": false
}

2024-06-20 01:14:06,311-07:00 command.engine.getconfiguration SUCCEEDED []
{
  "uuid": "",
  "schedule_id": "",
  "schedule_etag": "",
  "timestamp": "",
  "command": "command.engine.getconfiguration",
  "error_code": 0,
  "error_message": "",
  "initiating_user_sid": "",
  "user": "",
  "user_job_id": "aa0e4f5f-8e90-4cbf-89d1-d08cde507a8e",
  "data": "",
  "IsExecuting": false,
  "IsCancelled": false,
  "IsComplete": false,
  "IsSequenced": false,
  "SequenceId": 0,
  "IsUserInitiated": false
}

2024-06-20 02:14:06,335-07:00 command.engine.getconfiguration SUCCEEDED []
{
  "uuid": "",
  "schedule_id": "",
  "schedule_etag": "",
  "timestamp": "",
  "command": "command.engine.getconfiguration",
  "error_code": 0,
  "error_message": "",
  "initiating_user_sid": "",
  "user": "",
  "user_job_id": "5f7bfbd1-e32f-4a18-b3e4-8f23f9cd289e",
  "data": "",
  "IsExecuting": false,
  "IsCancelled": false,
  "IsComplete": false,
  "IsSequenced": false,
  "SequenceId": 0,
  "IsUserInitiated": false
}

2024-06-20 03:14:06,326-07:00 command.engine.getconfiguration SUCCEEDED []
{
  "uuid": "",
  "schedule_id": "",
  "schedule_etag": "",
  "timestamp": "",
  "command": "command.engine.getconfiguration",
  "error_code": 0,
  "error_message": "",
  "initiating_user_sid": "",
  "user": "",
  "user_job_id": "94a4e64c-4f70-4d2b-b011-8d06044fe1f9",
  "data": "",
  "IsExecuting": false,
  "IsCancelled": false,
  "IsComplete": false,
  "IsSequenced": false,
  "SequenceId": 0,
  "IsUserInitiated": false
}

2024-06-20 04:14:06,344-07:00 command.engine.getconfiguration SUCCEEDED []
{
  "uuid": "",
  "schedule_id": "",
  "schedule_etag": "",
  "timestamp": "",
  "command": "command.engine.getconfiguration",
  "error_code": 0,
  "error_message": "",
  "initiating_user_sid": "",
  "user": "",
  "user_job_id": "7161fdb2-d5dd-44f3-9c75-91e013af0417",
  "data": "",
  "IsExecuting": false,
  "IsCancelled": false,
  "IsComplete": false,
  "IsSequenced": false,
  "SequenceId": 0,
  "IsUserInitiated": false
}

2024-06-20 05:14:06,337-07:00 command.engine.getconfiguration SUCCEEDED []
{
  "uuid": "",
  "schedule_id": "",
  "schedule_etag": "",
  "timestamp": "",
  "command": "command.engine.getconfiguration",
  "error_code": 0,
  "error_message": "",
  "initiating_user_sid": "",
  "user": "",
  "user_job_id": "3faf9069-5798-47e7-a22a-51b3b7ef052c",
  "data": "",
  "IsExecuting": false,
  "IsCancelled": false,
  "IsComplete": false,
  "IsSequenced": false,
  "SequenceId": 0,
  "IsUserInitiated": false
}

2024-06-20 06:14:06,346-07:00 command.engine.getconfiguration SUCCEEDED []
{
  "uuid": "",
  "schedule_id": "",
  "schedule_etag": "",
  "timestamp": "",
  "command": "command.engine.getconfiguration",
  "error_code": 0,
  "error_message": "",
  "initiating_user_sid": "",
  "user": "",
  "user_job_id": "62d92ec1-7d69-488a-be5d-3c01d329992e",
  "data": "",
  "IsExecuting": false,
  "IsCancelled": false,
  "IsComplete": false,
  "IsSequenced": false,
  "SequenceId": 0,
  "IsUserInitiated": false
}

2024-06-20 07:14:06,367-07:00 command.engine.getconfiguration SUCCEEDED []
{
  "uuid": "",
  "schedule_id": "",
  "schedule_etag": "",
  "timestamp": "",
  "command": "command.engine.getconfiguration",
  "error_code": 0,
  "error_message": "",
  "initiating_user_sid": "",
  "user": "",
  "user_job_id": "066a7095-7cd3-47f7-99b1-4ea6bbc95545",
  "data": "",
  "IsExecuting": false,
  "IsCancelled": false,
  "IsComplete": false,
  "IsSequenced": false,
  "SequenceId": 0,
  "IsUserInitiated": false
}

2024-06-20 08:14:06,357-07:00 command.engine.getconfiguration SUCCEEDED []
{
  "uuid": "",
  "schedule_id": "",
  "schedule_etag": "",
  "timestamp": "",
  "command": "command.engine.getconfiguration",
  "error_code": 0,
  "error_message": "",
  "initiating_user_sid": "",
  "user": "",
  "user_job_id": "c9315989-8cc3-4a82-99af-bb950d7e6a40",
  "data": "",
  "IsExecuting": false,
  "IsCancelled": false,
  "IsComplete": false,
  "IsSequenced": false,
  "SequenceId": 0,
  "IsUserInitiated": false
}

2024-06-20 09:14:06,382-07:00 command.engine.getconfiguration SUCCEEDED []
{
  "uuid": "",
  "schedule_id": "",
  "schedule_etag": "",
  "timestamp": "",
  "command": "command.engine.getconfiguration",
  "error_code": 0,
  "error_message": "",
  "initiating_user_sid": "",
  "user": "",
  "user_job_id": "718a7a5e-3462-487a-8866-c49fa395f8b2",
  "data": "",
  "IsExecuting": false,
  "IsCancelled": false,
  "IsComplete": false,
  "IsSequenced": false,
  "SequenceId": 0,
  "IsUserInitiated": false
}

2024-06-20 10:14:06,397-07:00 command.engine.getconfiguration SUCCEEDED []
{
  "uuid": "",
  "schedule_id": "",
  "schedule_etag": "",
  "timestamp": "",
  "command": "command.engine.getconfiguration",
  "error_code": 0,
  "error_message": "",
  "initiating_user_sid": "",
  "user": "",
  "user_job_id": "ce4c733d-e5c7-4599-b769-7d7fe9ed2a99",
  "data": "",
  "IsExecuting": false,
  "IsCancelled": false,
  "IsComplete": false,
  "IsSequenced": false,
  "SequenceId": 0,
  "IsUserInitiated": false
}

2024-06-20 11:14:06,389-07:00 command.engine.getconfiguration SUCCEEDED []
{
  "uuid": "",
  "schedule_id": "",
  "schedule_etag": "",
  "timestamp": "",
  "command": "command.engine.getconfiguration",
  "error_code": 0,
  "error_message": "",
  "initiating_user_sid": "",
  "user": "",
  "user_job_id": "4912ace0-647b-4a6c-bfe3-a8f0a2ea46d3",
  "data": "",
  "IsExecuting": false,
  "IsCancelled": false,
  "IsComplete": false,
  "IsSequenced": false,
  "SequenceId": 0,
  "IsUserInitiated": false
}

2024-06-20 12:14:06,404-07:00 command.engine.getconfiguration SUCCEEDED []
{
  "uuid": "",
  "schedule_id": "",
  "schedule_etag": "",
  "timestamp": "",
  "command": "command.engine.getconfiguration",
  "error_code": 0,
  "error_message": "",
  "initiating_user_sid": "",
  "user": "",
  "user_job_id": "5b4ba62e-4e79-4247-8f8b-39b8a4d4582e",
  "data": "",
  "IsExecuting": false,
  "IsCancelled": false,
  "IsComplete": false,
  "IsSequenced": false,
  "SequenceId": 0,
  "IsUserInitiated": false
}

2024-06-20 13:14:06,434-07:00 command.engine.getconfiguration SUCCEEDED []
{
  "uuid": "",
  "schedule_id": "",
  "schedule_etag": "",
  "timestamp": "",
  "command": "command.engine.getconfiguration",
  "error_code": 0,
  "error_message": "",
  "initiating_user_sid": "",
  "user": "",
  "user_job_id": "cba8ebe3-8c7d-4ca3-a7d6-3d42e26a6a4b",
  "data": "",
  "IsExecuting": false,
  "IsCancelled": false,
  "IsComplete": false,
  "IsSequenced": false,
  "SequenceId": 0,
  "IsUserInitiated": false
}

2024-06-20 14:14:06,421-07:00 command.engine.getconfiguration SUCCEEDED []
{
  "uuid": "",
  "schedule_id": "",
  "schedule_etag": "",
  "timestamp": "",
  "command": "command.engine.getconfiguration",
  "error_code": 0,
  "error_message": "",
  "initiating_user_sid": "",
  "user": "",
  "user_job_id": "4c6c7065-e81b-402a-aff9-4bfb77017664",
  "data": "",
  "IsExecuting": false,
  "IsCancelled": false,
  "IsComplete": false,
  "IsSequenced": false,
  "SequenceId": 0,
  "IsUserInitiated": false
}

2024-06-20 15:14:06,435-07:00 command.engine.getconfiguration SUCCEEDED []
{
  "uuid": "",
  "schedule_id": "",
  "schedule_etag": "",
  "timestamp": "",
  "command": "command.engine.getconfiguration",
  "error_code": 0,
  "error_message": "",
  "initiating_user_sid": "",
  "user": "",
  "user_job_id": "531aa1c9-74b6-4bcc-a006-5ad2bb381296",
  "data": "",
  "IsExecuting": false,
  "IsCancelled": false,
  "IsComplete": false,
  "IsSequenced": false,
  "SequenceId": 0,
  "IsUserInitiated": false
}

2024-06-20 16:14:06,443-07:00 command.engine.getconfiguration SUCCEEDED []
{
  "uuid": "",
  "schedule_id": "",
  "schedule_etag": "",
  "timestamp": "",
  "command": "command.engine.getconfiguration",
  "error_code": 0,
  "error_message": "",
  "initiating_user_sid": "",
  "user": "",
  "user_job_id": "542a4a0c-6785-4eef-91aa-186ef078e57c",
  "data": "",
  "IsExecuting": false,
  "IsCancelled": false,
  "IsComplete": false,
  "IsSequenced": false,
  "SequenceId": 0,
  "IsUserInitiated": false
}

2024-06-20 17:14:06,448-07:00 command.engine.getconfiguration SUCCEEDED []
{
  "uuid": "",
  "schedule_id": "",
  "schedule_etag": "",
  "timestamp": "",
  "command": "command.engine.getconfiguration",
  "error_code": 0,
  "error_message": "",
  "initiating_user_sid": "",
  "user": "",
  "user_job_id": "f33be833-5f90-4ac0-95d2-109135557f1c",
  "data": "",
  "IsExecuting": false,
  "IsCancelled": false,
  "IsComplete": false,
  "IsSequenced": false,
  "SequenceId": 0,
  "IsUserInitiated": false
}

2024-06-20 18:14:06,453-07:00 command.engine.getconfiguration SUCCEEDED []
{
  "uuid": "",
  "schedule_id": "",
  "schedule_etag": "",
  "timestamp": "",
  "command": "command.engine.getconfiguration",
  "error_code": 0,
  "error_message": "",
  "initiating_user_sid": "",
  "user": "",
  "user_job_id": "050f0387-9b89-44a3-afaa-2f7c1f8f004a",
  "data": "",
  "IsExecuting": false,
  "IsCancelled": false,
  "IsComplete": false,
  "IsSequenced": false,
  "SequenceId": 0,
  "IsUserInitiated": false
}

2024-06-20 19:14:06,467-07:00 command.engine.getconfiguration SUCCEEDED []
{
  "uuid": "",
  "schedule_id": "",
  "schedule_etag": "",
  "timestamp": "",
  "command": "command.engine.getconfiguration",
  "error_code": 0,
  "error_message": "",
  "initiating_user_sid": "",
  "user": "",
  "user_job_id": "f6c4e4b8-ae05-489d-8cd2-d8c56160ce62",
  "data": "",
  "IsExecuting": false,
  "IsCancelled": false,
  "IsComplete": false,
  "IsSequenced": false,
  "SequenceId": 0,
  "IsUserInitiated": false
}

2024-06-20 20:14:06,488-07:00 command.engine.getconfiguration SUCCEEDED []
{
  "uuid": "",
  "schedule_id": "",
  "schedule_etag": "",
  "timestamp": "",
  "command": "command.engine.getconfiguration",
  "error_code": 0,
  "error_message": "",
  "initiating_user_sid": "",
  "user": "",
  "user_job_id": "0a42e2b0-4888-4127-9757-d2fcfa2b6227",
  "data": "",
  "IsExecuting": false,
  "IsCancelled": false,
  "IsComplete": false,
  "IsSequenced": false,
  "SequenceId": 0,
  "IsUserInitiated": false
}

2024-06-20 21:14:06,478-07:00 command.engine.getconfiguration SUCCEEDED []
{
  "uuid": "",
  "schedule_id": "",
  "schedule_etag": "",
  "timestamp": "",
  "command": "command.engine.getconfiguration",
  "error_code": 0,
  "error_message": "",
  "initiating_user_sid": "",
  "user": "",
  "user_job_id": "74374162-5fd7-47df-b89c-ffda52398af1",
  "data": "",
  "IsExecuting": false,
  "IsCancelled": false,
  "IsComplete": false,
  "IsSequenced": false,
  "SequenceId": 0,
  "IsUserInitiated": false
}

2024-06-20 22:14:06,483-07:00 command.engine.getconfiguration SUCCEEDED []
{
  "uuid": "",
  "schedule_id": "",
  "schedule_etag": "",
  "timestamp": "",
  "command": "command.engine.getconfiguration",
  "error_code": 0,
  "error_message": "",
  "initiating_user_sid": "",
  "user": "",
  "user_job_id": "3678722b-6b8b-4523-84dd-8e581dfdc267",
  "data": "",
  "IsExecuting": false,
  "IsCancelled": false,
  "IsComplete": false,
  "IsSequenced": false,
  "SequenceId": 0,
  "IsUserInitiated": false
}

2024-06-20 23:14:06,490-07:00 command.engine.getconfiguration SUCCEEDED []
{
  "uuid": "",
  "schedule_id": "",
  "schedule_etag": "",
  "timestamp": "",
  "command": "command.engine.getconfiguration",
  "error_code": 0,
  "error_message": "",
  "initiating_user_sid": "",
  "user": "",
  "user_job_id": "f39c1c2e-6223-4ac0-accc-81d908f39c91",
  "data": "",
  "IsExecuting": false,
  "IsCancelled": false,
  "IsComplete": false,
  "IsSequenced": false,
  "SequenceId": 0,
  "IsUserInitiated": false
}

2024-06-21 00:14:06,513-07:00 command.engine.getconfiguration SUCCEEDED []
{
  "uuid": "",
  "schedule_id": "",
  "schedule_etag": "",
  "timestamp": "",
  "command": "command.engine.getconfiguration",
  "error_code": 0,
  "error_message": "",
  "initiating_user_sid": "",
  "user": "",
  "user_job_id": "0c0b528e-6f6e-4f1f-a121-d9e62ad72c4f",
  "data": "",
  "IsExecuting": false,
  "IsCancelled": false,
  "IsComplete": false,
  "IsSequenced": false,
  "SequenceId": 0,
  "IsUserInitiated": false
}

2024-06-21 01:14:06,513-07:00 command.engine.getconfiguration SUCCEEDED []
{
  "uuid": "",
  "schedule_id": "",
  "schedule_etag": "",
  "timestamp": "",
  "command": "command.engine.getconfiguration",
  "error_code": 0,
  "error_message": "",
  "initiating_user_sid": "",
  "user": "",
  "user_job_id": "2be8064c-3b22-4ad4-bdbe-89459ccc6fb1",
  "data": "",
  "IsExecuting": false,
  "IsCancelled": false,
  "IsComplete": false,
  "IsSequenced": false,
  "SequenceId": 0,
  "IsUserInitiated": false
}

2024-06-21 02:14:06,520-07:00 command.engine.getconfiguration SUCCEEDED []
{
  "uuid": "",
  "schedule_id": "",
  "schedule_etag": "",
  "timestamp": "",
  "command": "command.engine.getconfiguration",
  "error_code": 0,
  "error_message": "",
  "initiating_user_sid": "",
  "user": "",
  "user_job_id": "1a6bbbcd-7e79-49e1-aa69-72a7e75404df",
  "data": "",
  "IsExecuting": false,
  "IsCancelled": false,
  "IsComplete": false,
  "IsSequenced": false,
  "SequenceId": 0,
  "IsUserInitiated": false
}

2024-06-21 03:14:06,520-07:00 command.engine.getconfiguration SUCCEEDED []
{
  "uuid": "",
  "schedule_id": "",
  "schedule_etag": "",
  "timestamp": "",
  "command": "command.engine.getconfiguration",
  "error_code": 0,
  "error_message": "",
  "initiating_user_sid": "",
  "user": "",
  "user_job_id": "a99dc68d-fc94-4808-a3ff-e084173bb57c",
  "data": "",
  "IsExecuting": false,
  "IsCancelled": false,
  "IsComplete": false,
  "IsSequenced": false,
  "SequenceId": 0,
  "IsUserInitiated": false
}

2024-06-21 04:14:06,517-07:00 command.engine.getconfiguration SUCCEEDED []
{
  "uuid": "",
  "schedule_id": "",
  "schedule_etag": "",
  "timestamp": "",
  "command": "command.engine.getconfiguration",
  "error_code": 0,
  "error_message": "",
  "initiating_user_sid": "",
  "user": "",
  "user_job_id": "0dacacaf-7896-4364-b376-7a8409017726",
  "data": "",
  "IsExecuting": false,
  "IsCancelled": false,
  "IsComplete": false,
  "IsSequenced": false,
  "SequenceId": 0,
  "IsUserInitiated": false
}

2024-06-21 05:14:06,530-07:00 command.engine.getconfiguration SUCCEEDED []
{
  "uuid": "",
  "schedule_id": "",
  "schedule_etag": "",
  "timestamp": "",
  "command": "command.engine.getconfiguration",
  "error_code": 0,
  "error_message": "",
  "initiating_user_sid": "",
  "user": "",
  "user_job_id": "f54f8f94-950c-4b85-a4eb-db2878404947",
  "data": "",
  "IsExecuting": false,
  "IsCancelled": false,
  "IsComplete": false,
  "IsSequenced": false,
  "SequenceId": 0,
  "IsUserInitiated": false
}

2024-06-21 06:14:06,538-07:00 command.engine.getconfiguration SUCCEEDED []
{
  "uuid": "",
  "schedule_id": "",
  "schedule_etag": "",
  "timestamp": "",
  "command": "command.engine.getconfiguration",
  "error_code": 0,
  "error_message": "",
  "initiating_user_sid": "",
  "user": "",
  "user_job_id": "46405f71-765e-4805-b0e3-e552047081a5",
  "data": "",
  "IsExecuting": false,
  "IsCancelled": false,
  "IsComplete": false,
  "IsSequenced": false,
  "SequenceId": 0,
  "IsUserInitiated": false
}

2024-06-21 07:14:06,559-07:00 command.engine.getconfiguration SUCCEEDED []
{
  "uuid": "",
  "schedule_id": "",
  "schedule_etag": "",
  "timestamp": "",
  "command": "command.engine.getconfiguration",
  "error_code": 0,
  "error_message": "",
  "initiating_user_sid": "",
  "user": "",
  "user_job_id": "d88f7d9c-3ce3-4c38-8b78-96b83dbf3c61",
  "data": "",
  "IsExecuting": false,
  "IsCancelled": false,
  "IsComplete": false,
  "IsSequenced": false,
  "SequenceId": 0,
  "IsUserInitiated": false
}

2024-06-21 08:14:06,571-07:00 command.engine.getconfiguration SUCCEEDED []
{
  "uuid": "",
  "schedule_id": "",
  "schedule_etag": "",
  "timestamp": "",
  "command": "command.engine.getconfiguration",
  "error_code": 0,
  "error_message": "",
  "initiating_user_sid": "",
  "user": "",
  "user_job_id": "a926909c-0226-456e-92bf-b9d368bc6305",
  "data": "",
  "IsExecuting": false,
  "IsCancelled": false,
  "IsComplete": false,
  "IsSequenced": false,
  "SequenceId": 0,
  "IsUserInitiated": false
}

2024-06-21 08:33:03,838-07:00 event.exclusion.refresh SUCCEEDED []
{
  "uuid": null,
  "schedule_id": null,
  "schedule_etag": null,
  "timestamp": "2024-06-21T15:33:03.8229172Z",
  "command": "event.exclusion.refresh",
  "error_code": 0,
  "error_message": null,
  "initiating_user_sid": null,
  "user": null,
  "user_job_id": null,
  "data": "{\r\n  \"command\": \"event.exclusion.refresh\",\r\n  \"timestamp\": \"2024-06-21T15:33:03.591613009Z\",\r\n  \"exclusions_etag\": \"e67984d2d9cdede3d1b358c507681e31\"\r\n}",
  "IsExecuting": false,
  "IsCancelled": false,
  "IsComplete": false,
  "IsSequenced": false,
  "SequenceId": 0,
  "IsUserInitiated": false
}

2024-06-21 08:33:10,742-07:00 event.exclusion.refresh SUCCEEDED []
{
  "uuid": null,
  "schedule_id": null,
  "schedule_etag": null,
  "timestamp": "2024-06-21T15:33:10.7426207Z",
  "command": "event.exclusion.refresh",
  "error_code": 0,
  "error_message": null,
  "initiating_user_sid": null,
  "user": null,
  "user_job_id": null,
  "data": "{\r\n  \"command\": \"event.exclusion.refresh\",\r\n  \"timestamp\": \"2024-06-21T15:33:10.61015421Z\",\r\n  \"exclusions_etag\": \"41de2aa02ae44344353f9a321874bb46\"\r\n}",
  "IsExecuting": false,
  "IsCancelled": false,
  "IsComplete": false,
  "IsSequenced": false,
  "SequenceId": 0,
  "IsUserInitiated": false
}

2024-06-21 08:33:26,425-07:00 event.exclusion.refresh SUCCEEDED []
{
  "uuid": null,
  "schedule_id": null,
  "schedule_etag": null,
  "timestamp": "2024-06-21T15:33:26.4257331Z",
  "command": "event.exclusion.refresh",
  "error_code": 0,
  "error_message": null,
  "initiating_user_sid": null,
  "user": null,
  "user_job_id": null,
  "data": "{\r\n  \"command\": \"event.exclusion.refresh\",\r\n  \"timestamp\": \"2024-06-21T15:33:26.295797281Z\",\r\n  \"exclusions_etag\": \"7459a40898dde6cdf4b5f7ce02682e72\"\r\n}",
  "IsExecuting": false,
  "IsCancelled": false,
  "IsComplete": false,
  "IsSequenced": false,
  "SequenceId": 0,
  "IsUserInitiated": false
}

2024-06-21 08:33:34,510-07:00 event.exclusion.refresh SUCCEEDED []
{
  "uuid": null,
  "schedule_id": null,
  "schedule_etag": null,
  "timestamp": "2024-06-21T15:33:34.5104742Z",
  "command": "event.exclusion.refresh",
  "error_code": 0,
  "error_message": null,
  "initiating_user_sid": null,
  "user": null,
  "user_job_id": null,
  "data": "{\r\n  \"command\": \"event.exclusion.refresh\",\r\n  \"timestamp\": \"2024-06-21T15:33:34.38095089Z\",\r\n  \"exclusions_etag\": \"946e67a61ff4b57d03938bf3c0aee7a6\"\r\n}",
  "IsExecuting": false,
  "IsCancelled": false,
  "IsComplete": false,
  "IsSequenced": false,
  "SequenceId": 0,
  "IsUserInitiated": false
}

2024-06-21 08:33:47,340-07:00 event.exclusion.refresh SUCCEEDED []
{
  "uuid": null,
  "schedule_id": null,
  "schedule_etag": null,
  "timestamp": "2024-06-21T15:33:47.3404388Z",
  "command": "event.exclusion.refresh",
  "error_code": 0,
  "error_message": null,
  "initiating_user_sid": null,
  "user": null,
  "user_job_id": null,
  "data": "{\r\n  \"command\": \"event.exclusion.refresh\",\r\n  \"timestamp\": \"2024-06-21T15:33:47.205201712Z\",\r\n  \"exclusions_etag\": \"aca8615351946e3af7f6ea6007c42b3d\"\r\n}",
  "IsExecuting": false,
  "IsCancelled": false,
  "IsComplete": false,
  "IsSequenced": false,
  "SequenceId": 0,
  "IsUserInitiated": false
}

2024-06-21 08:33:55,338-07:00 event.exclusion.refresh SUCCEEDED []
{
  "uuid": null,
  "schedule_id": null,
  "schedule_etag": null,
  "timestamp": "2024-06-21T15:33:55.3389258Z",
  "command": "event.exclusion.refresh",
  "error_code": 0,
  "error_message": null,
  "initiating_user_sid": null,
  "user": null,
  "user_job_id": null,
  "data": "{\r\n  \"command\": \"event.exclusion.refresh\",\r\n  \"timestamp\": \"2024-06-21T15:33:55.209206908Z\",\r\n  \"exclusions_etag\": \"5b044518748f3e9c98eae432ab5bc0c8\"\r\n}",
  "IsExecuting": false,
  "IsCancelled": false,
  "IsComplete": false,
  "IsSequenced": false,
  "SequenceId": 0,
  "IsUserInitiated": false
}

2024-06-21 08:34:04,771-07:00 event.exclusion.refresh SUCCEEDED []
{
  "uuid": null,
  "schedule_id": null,
  "schedule_etag": null,
  "timestamp": "2024-06-21T15:34:04.7717738Z",
  "command": "event.exclusion.refresh",
  "error_code": 0,
  "error_message": null,
  "initiating_user_sid": null,
  "user": null,
  "user_job_id": null,
  "data": "{\r\n  \"command\": \"event.exclusion.refresh\",\r\n  \"timestamp\": \"2024-06-21T15:34:04.639676307Z\",\r\n  \"exclusions_etag\": \"ee483715e25bafc562b658344d8f5157\"\r\n}",
  "IsExecuting": false,
  "IsCancelled": false,
  "IsComplete": false,
  "IsSequenced": false,
  "SequenceId": 0,
  "IsUserInitiated": false
}

2024-06-21 08:34:15,151-07:00 event.exclusion.refresh SUCCEEDED []
{
  "uuid": null,
  "schedule_id": null,
  "schedule_etag": null,
  "timestamp": "2024-06-21T15:34:15.1511965Z",
  "command": "event.exclusion.refresh",
  "error_code": 0,
  "error_message": null,
  "initiating_user_sid": null,
  "user": null,
  "user_job_id": null,
  "data": "{\r\n  \"command\": \"event.exclusion.refresh\",\r\n  \"timestamp\": \"2024-06-21T15:34:15.013471875Z\",\r\n  \"exclusions_etag\": \"8142d59a2363a656412b475481b42f05\"\r\n}",
  "IsExecuting": false,
  "IsCancelled": false,
  "IsComplete": false,
  "IsSequenced": false,
  "SequenceId": 0,
  "IsUserInitiated": false
}

2024-06-21 08:37:26,671-07:00 command.threat.quarantine.restore SUCCEEDED [2a0ae2ed-6c71-430e-acff-e15e34ff6612]
{
  "uuid": "2a0ae2ed-6c71-430e-acff-e15e34ff6612",
  "schedule_id": null,
  "schedule_etag": null,
  "timestamp": "2024-06-21T15:37:22.6268756Z",
  "command": "command.threat.quarantine.restore",
  "error_code": 0,
  "error_message": null,
  "initiating_user_sid": null,
  "user": null,
  "user_job_id": null,
  "data": "{\"restore_items\":[\"50c2d572-28e0-11ef-8158-7c8334bc68a5\"]}",
  "IsExecuting": true,
  "IsCancelled": false,
  "IsComplete": false,
  "IsSequenced": false,
  "SequenceId": 0,
  "IsUserInitiated": false
}

2024-06-21 08:37:26,671-07:00 command.threat.quarantine.restore SUCCEEDED [2a0ae2ed-6c71-430e-acff-e15e34ff6612]
{
  "uuid": "2a0ae2ed-6c71-430e-acff-e15e34ff6612",
  "schedule_id": null,
  "schedule_etag": null,
  "timestamp": "2024-06-21T15:37:22.6268756Z",
  "command": "command.threat.quarantine.restore",
  "error_code": 0,
  "error_message": null,
  "initiating_user_sid": null,
  "user": null,
  "user_job_id": null,
  "data": "{\"restore_items\":[\"50c2d572-28e0-11ef-8158-7c8334bc68a5\"]}",
  "IsExecuting": true,
  "IsCancelled": false,
  "IsComplete": false,
  "IsSequenced": false,
  "SequenceId": 0,
  "IsUserInitiated": false
}

2024-06-21 08:43:48,221-07:00 command.threat.scan SUCCEEDED [f429b251-0a50-4d0d-8859-73676e3a6965]
{
  "uuid": "f429b251-0a50-4d0d-8859-73676e3a6965",
  "schedule_id": null,
  "schedule_etag": null,
  "timestamp": "2024-06-21T15:37:50.1996878Z",
  "command": "command.threat.scan",
  "error_code": 0,
  "error_message": null,
  "initiating_user_sid": null,
  "user": null,
  "user_job_id": null,
  "data": "{\"scan_settings\":{\"type\":\"ThreatScan\",\"remove\":true}}",
  "IsExecuting": true,
  "IsCancelled": false,
  "IsComplete": false,
  "IsSequenced": false,
  "SequenceId": 0,
  "IsUserInitiated": false
}

2024-06-21 08:43:48,236-07:00 command.threat.scan SUCCEEDED [f429b251-0a50-4d0d-8859-73676e3a6965]
{
  "uuid": "f429b251-0a50-4d0d-8859-73676e3a6965",
  "schedule_id": null,
  "schedule_etag": null,
  "timestamp": "2024-06-21T15:37:50.1996878Z",
  "command": "command.threat.scan",
  "error_code": 0,
  "error_message": null,
  "initiating_user_sid": null,
  "user": null,
  "user_job_id": null,
  "data": "{\"scan_settings\":{\"type\":\"ThreatScan\",\"remove\":true}}",
  "IsExecuting": true,
  "IsCancelled": false,
  "IsComplete": false,
  "IsSequenced": false,
  "SequenceId": 0,
  "IsUserInitiated": false
}

2024-06-21 09:14:06,593-07:00 command.engine.getconfiguration SUCCEEDED []
{
  "uuid": "",
  "schedule_id": "",
  "schedule_etag": "",
  "timestamp": "",
  "command": "command.engine.getconfiguration",
  "error_code": 0,
  "error_message": "",
  "initiating_user_sid": "",
  "user": "",
  "user_job_id": "8eefbe1f-ab4e-4693-8555-9b32db82d809",
  "data": "",
  "IsExecuting": false,
  "IsCancelled": false,
  "IsComplete": false,
  "IsSequenced": false,
  "SequenceId": 0,
  "IsUserInitiated": false
}

2024-06-21 09:27:37,005-07:00 command.threat.quarantine.list SUCCEEDED [mbam]
{
  "uuid": null,
  "schedule_id": null,
  "schedule_etag": null,
  "timestamp": "2024-06-21T16:27:35.4744211Z",
  "command": "command.threat.quarantine.list",
  "error_code": 0,
  "error_message": null,
  "initiating_user_sid": null,
  "user": null,
  "user_job_id": "mbam",
  "data": null,
  "IsExecuting": true,
  "IsCancelled": false,
  "IsComplete": false,
  "IsSequenced": false,
  "SequenceId": 0,
  "IsUserInitiated": false
}

2024-06-21 09:27:37,005-07:00 command.threat.quarantine.list SUCCEEDED [mbam]
{
  "uuid": null,
  "schedule_id": null,
  "schedule_etag": null,
  "timestamp": "2024-06-21T16:27:35.4744211Z",
  "command": "command.threat.quarantine.list",
  "error_code": 0,
  "error_message": null,
  "initiating_user_sid": null,
  "user": null,
  "user_job_id": "mbam",
  "data": null,
  "IsExecuting": true,
  "IsCancelled": false,
  "IsComplete": false,
  "IsSequenced": false,
  "SequenceId": 0,
  "IsUserInitiated": false
}

2024-06-21 10:14:06,571-07:00 command.engine.getconfiguration SUCCEEDED []
{
  "uuid": "",
  "schedule_id": "",
  "schedule_etag": "",
  "timestamp": "",
  "command": "command.engine.getconfiguration",
  "error_code": 0,
  "error_message": "",
  "initiating_user_sid": "",
  "user": "",
  "user_job_id": "f52c53ce-9a13-431d-9733-6b0bbd769f05",
  "data": "",
  "IsExecuting": false,
  "IsCancelled": false,
  "IsComplete": false,
  "IsSequenced": false,
  "SequenceId": 0,
  "IsUserInitiated": false
}

2024-06-21 11:14:06,698-07:00 command.engine.getconfiguration SUCCEEDED []
{
  "uuid": "",
  "schedule_id": "",
  "schedule_etag": "",
  "timestamp": "",
  "command": "command.engine.getconfiguration",
  "error_code": 0,
  "error_message": "",
  "initiating_user_sid": "",
  "user": "",
  "user_job_id": "9665c4f3-7631-4374-ad5f-40fb0b6afc64",
  "data": "",
  "IsExecuting": false,
  "IsCancelled": false,
  "IsComplete": false,
  "IsSequenced": false,
  "SequenceId": 0,
  "IsUserInitiated": false
}

2024-06-21 12:14:06,696-07:00 command.engine.getconfiguration SUCCEEDED []
{
  "uuid": "",
  "schedule_id": "",
  "schedule_etag": "",
  "timestamp": "",
  "command": "command.engine.getconfiguration",
  "error_code": 0,
  "error_message": "",
  "initiating_user_sid": "",
  "user": "",
  "user_job_id": "8630158b-bf92-41a2-8b5a-0e6d0d0c8ba4",
  "data": "",
  "IsExecuting": false,
  "IsCancelled": false,
  "IsComplete": false,
  "IsSequenced": false,
  "SequenceId": 0,
  "IsUserInitiated": false
}

2024-06-21 13:14:06,719-07:00 command.engine.getconfiguration SUCCEEDED []
{
  "uuid": "",
  "schedule_id": "",
  "schedule_etag": "",
  "timestamp": "",
  "command": "command.engine.getconfiguration",
  "error_code": 0,
  "error_message": "",
  "initiating_user_sid": "",
  "user": "",
  "user_job_id": "0e012d79-a699-426a-8181-4bf110ba21a2",
  "data": "",
  "IsExecuting": false,
  "IsCancelled": false,
  "IsComplete": false,
  "IsSequenced": false,
  "SequenceId": 0,
  "IsUserInitiated": false
}

2024-06-21 14:14:06,713-07:00 command.engine.getconfiguration SUCCEEDED []
{
  "uuid": "",
  "schedule_id": "",
  "schedule_etag": "",
  "timestamp": "",
  "command": "command.engine.getconfiguration",
  "error_code": 0,
  "error_message": "",
  "initiating_user_sid": "",
  "user": "",
  "user_job_id": "01f7f175-bb05-4449-b268-6636a80410da",
  "data": "",
  "IsExecuting": false,
  "IsCancelled": false,
  "IsComplete": false,
  "IsSequenced": false,
  "SequenceId": 0,
  "IsUserInitiated": false
}

2024-06-21 15:14:06,733-07:00 command.engine.getconfiguration SUCCEEDED []
{
  "uuid": "",
  "schedule_id": "",
  "schedule_etag": "",
  "timestamp": "",
  "command": "command.engine.getconfiguration",
  "error_code": 0,
  "error_message": "",
  "initiating_user_sid": "",
  "user": "",
  "user_job_id": "60afb939-f021-4677-9b10-2e5bef6196e9",
  "data": "",
  "IsExecuting": false,
  "IsCancelled": false,
  "IsComplete": false,
  "IsSequenced": false,
  "SequenceId": 0,
  "IsUserInitiated": false
}

2024-06-21 16:14:06,724-07:00 command.engine.getconfiguration SUCCEEDED []
{
  "uuid": "",
  "schedule_id": "",
  "schedule_etag": "",
  "timestamp": "",
  "command": "command.engine.getconfiguration",
  "error_code": 0,
  "error_message": "",
  "initiating_user_sid": "",
  "user": "",
  "user_job_id": "91daedb8-8b17-4835-a126-48edf144e10b",
  "data": "",
  "IsExecuting": false,
  "IsCancelled": false,
  "IsComplete": false,
  "IsSequenced": false,
  "SequenceId": 0,
  "IsUserInitiated": false
}

2024-06-21 17:14:06,739-07:00 command.engine.getconfiguration SUCCEEDED []
{
  "uuid": "",
  "schedule_id": "",
  "schedule_etag": "",
  "timestamp": "",
  "command": "command.engine.getconfiguration",
  "error_code": 0,
  "error_message": "",
  "initiating_user_sid": "",
  "user": "",
  "user_job_id": "c422371d-42d3-4d3e-9891-c3aac3da0f59",
  "data": "",
  "IsExecuting": false,
  "IsCancelled": false,
  "IsComplete": false,
  "IsSequenced": false,
  "SequenceId": 0,
  "IsUserInitiated": false
}

2024-06-21 18:14:06,741-07:00 command.engine.getconfiguration SUCCEEDED []
{
  "uuid": "",
  "schedule_id": "",
  "schedule_etag": "",
  "timestamp": "",
  "command": "command.engine.getconfiguration",
  "error_code": 0,
  "error_message": "",
  "initiating_user_sid": "",
  "user": "",
  "user_job_id": "74f40bb8-c7d2-43f0-a16a-2ff4354d3599",
  "data": "",
  "IsExecuting": false,
  "IsCancelled": false,
  "IsComplete": false,
  "IsSequenced": false,
  "SequenceId": 0,
  "IsUserInitiated": false
}

2024-06-21 19:14:06,769-07:00 command.engine.getconfiguration SUCCEEDED []
{
  "uuid": "",
  "schedule_id": "",
  "schedule_etag": "",
  "timestamp": "",
  "command": "command.engine.getconfiguration",
  "error_code": 0,
  "error_message": "",
  "initiating_user_sid": "",
  "user": "",
  "user_job_id": "091bf414-ef1b-4077-abea-4e5201607ab0",
  "data": "",
  "IsExecuting": false,
  "IsCancelled": false,
  "IsComplete": false,
  "IsSequenced": false,
  "SequenceId": 0,
  "IsUserInitiated": false
}

2024-06-21 20:14:06,762-07:00 command.engine.getconfiguration SUCCEEDED []
{
  "uuid": "",
  "schedule_id": "",
  "schedule_etag": "",
  "timestamp": "",
  "command": "command.engine.getconfiguration",
  "error_code": 0,
  "error_message": "",
  "initiating_user_sid": "",
  "user": "",
  "user_job_id": "042b5387-52d7-4150-a322-b90bdd2fd8dc",
  "data": "",
  "IsExecuting": false,
  "IsCancelled": false,
  "IsComplete": false,
  "IsSequenced": false,
  "SequenceId": 0,
  "IsUserInitiated": false
}

2024-06-21 21:14:06,792-07:00 command.engine.getconfiguration SUCCEEDED []
{
  "uuid": "",
  "schedule_id": "",
  "schedule_etag": "",
  "timestamp": "",
  "command": "command.engine.getconfiguration",
  "error_code": 0,
  "error_message": "",
  "initiating_user_sid": "",
  "user": "",
  "user_job_id": "b4c64d32-5e67-408c-ace9-6b82eccfa135",
  "data": "",
  "IsExecuting": false,
  "IsCancelled": false,
  "IsComplete": false,
  "IsSequenced": false,
  "SequenceId": 0,
  "IsUserInitiated": false
}

2024-06-21 22:14:06,800-07:00 command.engine.getconfiguration SUCCEEDED []
{
  "uuid": "",
  "schedule_id": "",
  "schedule_etag": "",
  "timestamp": "",
  "command": "command.engine.getconfiguration",
  "error_code": 0,
  "error_message": "",
  "initiating_user_sid": "",
  "user": "",
  "user_job_id": "ae4a8762-9b9a-4b80-ba39-075b151e15af",
  "data": "",
  "IsExecuting": false,
  "IsCancelled": false,
  "IsComplete": false,
  "IsSequenced": false,
  "SequenceId": 0,
  "IsUserInitiated": false
}

2024-06-21 23:14:06,788-07:00 command.engine.getconfiguration SUCCEEDED []
{
  "uuid": "",
  "schedule_id": "",
  "schedule_etag": "",
  "timestamp": "",
  "command": "command.engine.getconfiguration",
  "error_code": 0,
  "error_message": "",
  "initiating_user_sid": "",
  "user": "",
  "user_job_id": "92794be7-7a3a-44ad-bda7-2c10d077fcaa",
  "data": "",
  "IsExecuting": false,
  "IsCancelled": false,
  "IsComplete": false,
  "IsSequenced": false,
  "SequenceId": 0,
  "IsUserInitiated": false
}

2024-06-22 00:14:06,808-07:00 command.engine.getconfiguration SUCCEEDED []
{
  "uuid": "",
  "schedule_id": "",
  "schedule_etag": "",
  "timestamp": "",
  "command": "command.engine.getconfiguration",
  "error_code": 0,
  "error_message": "",
  "initiating_user_sid": "",
  "user": "",
  "user_job_id": "e4836676-4f8d-4de1-b27a-9b2d0ac02aac",
  "data": "",
  "IsExecuting": false,
  "IsCancelled": false,
  "IsComplete": false,
  "IsSequenced": false,
  "SequenceId": 0,
  "IsUserInitiated": false
}

2024-06-22 01:14:06,817-07:00 command.engine.getconfiguration SUCCEEDED []
{
  "uuid": "",
  "schedule_id": "",
  "schedule_etag": "",
  "timestamp": "",
  "command": "command.engine.getconfiguration",
  "error_code": 0,
  "error_message": "",
  "initiating_user_sid": "",
  "user": "",
  "user_job_id": "467922ce-7a61-463a-bf90-a4222c3286b4",
  "data": "",
  "IsExecuting": false,
  "IsCancelled": false,
  "IsComplete": false,
  "IsSequenced": false,
  "SequenceId": 0,
  "IsUserInitiated": false
}

2024-06-22 02:14:06,831-07:00 command.engine.getconfiguration SUCCEEDED []
{
  "uuid": "",
  "schedule_id": "",
  "schedule_etag": "",
  "timestamp": "",
  "command": "command.engine.getconfiguration",
  "error_code": 0,
  "error_message": "",
  "initiating_user_sid": "",
  "user": "",
  "user_job_id": "8c0149f8-676a-41df-b271-b45fd416b8c1",
  "data": "",
  "IsExecuting": false,
  "IsCancelled": false,
  "IsComplete": false,
  "IsSequenced": false,
  "SequenceId": 0,
  "IsUserInitiated": false
}

2024-06-22 03:14:06,841-07:00 command.engine.getconfiguration SUCCEEDED []
{
  "uuid": "",
  "schedule_id": "",
  "schedule_etag": "",
  "timestamp": "",
  "command": "command.engine.getconfiguration",
  "error_code": 0,
  "error_message": "",
  "initiating_user_sid": "",
  "user": "",
  "user_job_id": "efcdd4cd-3ecd-41e9-a21d-63ab7005dbbe",
  "data": "",
  "IsExecuting": false,
  "IsCancelled": false,
  "IsComplete": false,
  "IsSequenced": false,
  "SequenceId": 0,
  "IsUserInitiated": false
}

2024-06-22 04:14:06,832-07:00 command.engine.getconfiguration SUCCEEDED []
{
  "uuid": "",
  "schedule_id": "",
  "schedule_etag": "",
  "timestamp": "",
  "command": "command.engine.getconfiguration",
  "error_code": 0,
  "error_message": "",
  "initiating_user_sid": "",
  "user": "",
  "user_job_id": "c449a632-37d0-499f-aa72-af8b8da68ebe",
  "data": "",
  "IsExecuting": false,
  "IsCancelled": false,
  "IsComplete": false,
  "IsSequenced": false,
  "SequenceId": 0,
  "IsUserInitiated": false
}

2024-06-22 05:14:06,848-07:00 command.engine.getconfiguration SUCCEEDED []
{
  "uuid": "",
  "schedule_id": "",
  "schedule_etag": "",
  "timestamp": "",
  "command": "command.engine.getconfiguration",
  "error_code": 0,
  "error_message": "",
  "initiating_user_sid": "",
  "user": "",
  "user_job_id": "f0b55517-1585-41ec-b6d2-66e0d84d36d0",
  "data": "",
  "IsExecuting": false,
  "IsCancelled": false,
  "IsComplete": false,
  "IsSequenced": false,
  "SequenceId": 0,
  "IsUserInitiated": false
}

2024-06-22 06:14:06,857-07:00 command.engine.getconfiguration SUCCEEDED []
{
  "uuid": "",
  "schedule_id": "",
  "schedule_etag": "",
  "timestamp": "",
  "command": "command.engine.getconfiguration",
  "error_code": 0,
  "error_message": "",
  "initiating_user_sid": "",
  "user": "",
  "user_job_id": "1b22f8b8-d0c6-4b0d-9fff-94d6161da994",
  "data": "",
  "IsExecuting": false,
  "IsCancelled": false,
  "IsComplete": false,
  "IsSequenced": false,
  "SequenceId": 0,
  "IsUserInitiated": false
}

2024-06-22 07:14:06,869-07:00 command.engine.getconfiguration SUCCEEDED []
{
  "uuid": "",
  "schedule_id": "",
  "schedule_etag": "",
  "timestamp": "",
  "command": "command.engine.getconfiguration",
  "error_code": 0,
  "error_message": "",
  "initiating_user_sid": "",
  "user": "",
  "user_job_id": "0ffc404d-4593-48d2-9f00-ec6ca92d1a57",
  "data": "",
  "IsExecuting": false,
  "IsCancelled": false,
  "IsComplete": false,
  "IsSequenced": false,
  "SequenceId": 0,
  "IsUserInitiated": false
}

2024-06-22 08:14:06,879-07:00 command.engine.getconfiguration SUCCEEDED []
{
  "uuid": "",
  "schedule_id": "",
  "schedule_etag": "",
  "timestamp": "",
  "command": "command.engine.getconfiguration",
  "error_code": 0,
  "error_message": "",
  "initiating_user_sid": "",
  "user": "",
  "user_job_id": "48684994-92d0-41e1-9696-2a143ead326c",
  "data": "",
  "IsExecuting": false,
  "IsCancelled": false,
  "IsComplete": false,
  "IsSequenced": false,
  "SequenceId": 0,
  "IsUserInitiated": false
}

2024-06-22 09:14:06,888-07:00 command.engine.getconfiguration SUCCEEDED []
{
  "uuid": "",
  "schedule_id": "",
  "schedule_etag": "",
  "timestamp": "",
  "command": "command.engine.getconfiguration",
  "error_code": 0,
  "error_message": "",
  "initiating_user_sid": "",
  "user": "",
  "user_job_id": "8fb45216-ad8d-4bdf-815f-05e71aba58c2",
  "data": "",
  "IsExecuting": false,
  "IsCancelled": false,
  "IsComplete": false,
  "IsSequenced": false,
  "SequenceId": 0,
  "IsUserInitiated": false
}

2024-06-22 10:14:06,891-07:00 command.engine.getconfiguration SUCCEEDED []
{
  "uuid": "",
  "schedule_id": "",
  "schedule_etag": "",
  "timestamp": "",
  "command": "command.engine.getconfiguration",
  "error_code": 0,
  "error_message": "",
  "initiating_user_sid": "",
  "user": "",
  "user_job_id": "0aa7c152-f388-4816-a70c-2b579985adfc",
  "data": "",
  "IsExecuting": false,
  "IsCancelled": false,
  "IsComplete": false,
  "IsSequenced": false,
  "SequenceId": 0,
  "IsUserInitiated": false
}

2024-06-22 11:14:06,912-07:00 command.engine.getconfiguration SUCCEEDED []
{
  "uuid": "",
  "schedule_id": "",
  "schedule_etag": "",
  "timestamp": "",
  "command": "command.engine.getconfiguration",
  "error_code": 0,
  "error_message": "",
  "initiating_user_sid": "",
  "user": "",
  "user_job_id": "b0ea35bc-016f-4f5f-a0bc-62adeb35cbab",
  "data": "",
  "IsExecuting": false,
  "IsCancelled": false,
  "IsComplete": false,
  "IsSequenced": false,
  "SequenceId": 0,
  "IsUserInitiated": false
}

2024-06-22 12:14:06,904-07:00 command.engine.getconfiguration SUCCEEDED []
{
  "uuid": "",
  "schedule_id": "",
  "schedule_etag": "",
  "timestamp": "",
  "command": "command.engine.getconfiguration",
  "error_code": 0,
  "error_message": "",
  "initiating_user_sid": "",
  "user": "",
  "user_job_id": "1486d6ba-66b9-4ea2-b3e4-b788c89ccb69",
  "data": "",
  "IsExecuting": false,
  "IsCancelled": false,
  "IsComplete": false,
  "IsSequenced": false,
  "SequenceId": 0,
  "IsUserInitiated": false
}

2024-06-22 13:14:06,910-07:00 command.engine.getconfiguration SUCCEEDED []
{
  "uuid": "",
  "schedule_id": "",
  "schedule_etag": "",
  "timestamp": "",
  "command": "command.engine.getconfiguration",
  "error_code": 0,
  "error_message": "",
  "initiating_user_sid": "",
  "user": "",
  "user_job_id": "acd98ccb-d80e-4094-9c9e-8c3bbe4af54a",
  "data": "",
  "IsExecuting": false,
  "IsCancelled": false,
  "IsComplete": false,
  "IsSequenced": false,
  "SequenceId": 0,
  "IsUserInitiated": false
}

2024-06-22 14:14:06,917-07:00 command.engine.getconfiguration SUCCEEDED []
{
  "uuid": "",
  "schedule_id": "",
  "schedule_etag": "",
  "timestamp": "",
  "command": "command.engine.getconfiguration",
  "error_code": 0,
  "error_message": "",
  "initiating_user_sid": "",
  "user": "",
  "user_job_id": "565098b9-e03e-49f8-a5fc-18ddf86252ed",
  "data": "",
  "IsExecuting": false,
  "IsCancelled": false,
  "IsComplete": false,
  "IsSequenced": false,
  "SequenceId": 0,
  "IsUserInitiated": false
}

2024-06-22 15:14:06,917-07:00 command.engine.getconfiguration SUCCEEDED []
{
  "uuid": "",
  "schedule_id": "",
  "schedule_etag": "",
  "timestamp": "",
  "command": "command.engine.getconfiguration",
  "error_code": 0,
  "error_message": "",
  "initiating_user_sid": "",
  "user": "",
  "user_job_id": "6ea3e7ca-33d3-4e6d-94bb-f2a1d8cf4543",
  "data": "",
  "IsExecuting": false,
  "IsCancelled": false,
  "IsComplete": false,
  "IsSequenced": false,
  "SequenceId": 0,
  "IsUserInitiated": false
}

2024-06-22 16:14:06,914-07:00 command.engine.getconfiguration SUCCEEDED []
{
  "uuid": "",
  "schedule_id": "",
  "schedule_etag": "",
  "timestamp": "",
  "command": "command.engine.getconfiguration",
  "error_code": 0,
  "error_message": "",
  "initiating_user_sid": "",
  "user": "",
  "user_job_id": "5800cd71-abf9-422f-a4cc-65789360fbf2",
  "data": "",
  "IsExecuting": false,
  "IsCancelled": false,
  "IsComplete": false,
  "IsSequenced": false,
  "SequenceId": 0,
  "IsUserInitiated": false
}

2024-06-22 17:14:06,927-07:00 command.engine.getconfiguration SUCCEEDED []
{
  "uuid": "",
  "schedule_id": "",
  "schedule_etag": "",
  "timestamp": "",
  "command": "command.engine.getconfiguration",
  "error_code": 0,
  "error_message": "",
  "initiating_user_sid": "",
  "user": "",
  "user_job_id": "2788a2cb-42cf-4631-82ee-8e902adc8702",
  "data": "",
  "IsExecuting": false,
  "IsCancelled": false,
  "IsComplete": false,
  "IsSequenced": false,
  "SequenceId": 0,
  "IsUserInitiated": false
}

2024-06-22 18:14:06,964-07:00 command.engine.getconfiguration SUCCEEDED []
{
  "uuid": "",
  "schedule_id": "",
  "schedule_etag": "",
  "timestamp": "",
  "command": "command.engine.getconfiguration",
  "error_code": 0,
  "error_message": "",
  "initiating_user_sid": "",
  "user": "",
  "user_job_id": "9c5a4057-6286-4fd3-b975-55d0206c9730",
  "data": "",
  "IsExecuting": false,
  "IsCancelled": false,
  "IsComplete": false,
  "IsSequenced": false,
  "SequenceId": 0,
  "IsUserInitiated": false
}

2024-06-22 19:14:06,955-07:00 command.engine.getconfiguration SUCCEEDED []
{
  "uuid": "",
  "schedule_id": "",
  "schedule_etag": "",
  "timestamp": "",
  "command": "command.engine.getconfiguration",
  "error_code": 0,
  "error_message": "",
  "initiating_user_sid": "",
  "user": "",
  "user_job_id": "36e19aee-e3b6-4e8b-a961-d262d956dfa5",
  "data": "",
  "IsExecuting": false,
  "IsCancelled": false,
  "IsComplete": false,
  "IsSequenced": false,
  "SequenceId": 0,
  "IsUserInitiated": false
}

2024-06-22 20:14:06,952-07:00 command.engine.getconfiguration SUCCEEDED []
{
  "uuid": "",
  "schedule_id": "",
  "schedule_etag": "",
  "timestamp": "",
  "command": "command.engine.getconfiguration",
  "error_code": 0,
  "error_message": "",
  "initiating_user_sid": "",
  "user": "",
  "user_job_id": "ecdcace1-6aba-404f-ba18-4add7a78812c",
  "data": "",
  "IsExecuting": false,
  "IsCancelled": false,
  "IsComplete": false,
  "IsSequenced": false,
  "SequenceId": 0,
  "IsUserInitiated": false
}

2024-06-22 21:14:06,967-07:00 command.engine.getconfiguration SUCCEEDED []
{
  "uuid": "",
  "schedule_id": "",
  "schedule_etag": "",
  "timestamp": "",
  "command": "command.engine.getconfiguration",
  "error_code": 0,
  "error_message": "",
  "initiating_user_sid": "",
  "user": "",
  "user_job_id": "7f2d413e-e59a-4376-99b0-27f1d968ee4a",
  "data": "",
  "IsExecuting": false,
  "IsCancelled": false,
  "IsComplete": false,
  "IsSequenced": false,
  "SequenceId": 0,
  "IsUserInitiated": false
}

2024-06-22 22:14:06,983-07:00 command.engine.getconfiguration SUCCEEDED []
{
  "uuid": "",
  "schedule_id": "",
  "schedule_etag": "",
  "timestamp": "",
  "command": "command.engine.getconfiguration",
  "error_code": 0,
  "error_message": "",
  "initiating_user_sid": "",
  "user": "",
  "user_job_id": "e2b0b86e-bd7c-4b57-aa72-668ee833296f",
  "data": "",
  "IsExecuting": false,
  "IsCancelled": false,
  "IsComplete": false,
  "IsSequenced": false,
  "SequenceId": 0,
  "IsUserInitiated": false
}

2024-06-22 23:14:06,972-07:00 command.engine.getconfiguration SUCCEEDED []
{
  "uuid": "",
  "schedule_id": "",
  "schedule_etag": "",
  "timestamp": "",
  "command": "command.engine.getconfiguration",
  "error_code": 0,
  "error_message": "",
  "initiating_user_sid": "",
  "user": "",
  "user_job_id": "766cb416-7516-43cd-83b4-d1d5b1e8524d",
  "data": "",
  "IsExecuting": false,
  "IsCancelled": false,
  "IsComplete": false,
  "IsSequenced": false,
  "SequenceId": 0,
  "IsUserInitiated": false
}

2024-06-23 00:14:06,992-07:00 command.engine.getconfiguration SUCCEEDED []
{
  "uuid": "",
  "schedule_id": "",
  "schedule_etag": "",
  "timestamp": "",
  "command": "command.engine.getconfiguration",
  "error_code": 0,
  "error_message": "",
  "initiating_user_sid": "",
  "user": "",
  "user_job_id": "c63156cd-22a2-4047-9c94-fd44203dfec7",
  "data": "",
  "IsExecuting": false,
  "IsCancelled": false,
  "IsComplete": false,
  "IsSequenced": false,
  "SequenceId": 0,
  "IsUserInitiated": false
}

2024-06-23 01:14:06,992-07:00 command.engine.getconfiguration SUCCEEDED []
{
  "uuid": "",
  "schedule_id": "",
  "schedule_etag": "",
  "timestamp": "",
  "command": "command.engine.getconfiguration",
  "error_code": 0,
  "error_message": "",
  "initiating_user_sid": "",
  "user": "",
  "user_job_id": "1ef70d16-2a8d-4bc5-b2d4-d8587bd8443a",
  "data": "",
  "IsExecuting": false,
  "IsCancelled": false,
  "IsComplete": false,
  "IsSequenced": false,
  "SequenceId": 0,
  "IsUserInitiated": false
}

2024-06-23 02:14:06,983-07:00 command.engine.getconfiguration SUCCEEDED []
{
  "uuid": "",
  "schedule_id": "",
  "schedule_etag": "",
  "timestamp": "",
  "command": "command.engine.getconfiguration",
  "error_code": 0,
  "error_message": "",
  "initiating_user_sid": "",
  "user": "",
  "user_job_id": "99d09e6f-2cf4-4d5c-a8c3-b8744d3ee4f5",
  "data": "",
  "IsExecuting": false,
  "IsCancelled": false,
  "IsComplete": false,
  "IsSequenced": false,
  "SequenceId": 0,
  "IsUserInitiated": false
}

2024-06-23 03:14:06,985-07:00 command.engine.getconfiguration SUCCEEDED []
{
  "uuid": "",
  "schedule_id": "",
  "schedule_etag": "",
  "timestamp": "",
  "command": "command.engine.getconfiguration",
  "error_code": 0,
  "error_message": "",
  "initiating_user_sid": "",
  "user": "",
  "user_job_id": "a9f4a372-47ff-41d4-a2bd-9800a56b8ca4",
  "data": "",
  "IsExecuting": false,
  "IsCancelled": false,
  "IsComplete": false,
  "IsSequenced": false,
  "SequenceId": 0,
  "IsUserInitiated": false
}

2024-06-23 04:14:06,995-07:00 command.engine.getconfiguration SUCCEEDED []
{
  "uuid": "",
  "schedule_id": "",
  "schedule_etag": "",
  "timestamp": "",
  "command": "command.engine.getconfiguration",
  "error_code": 0,
  "error_message": "",
  "initiating_user_sid": "",
  "user": "",
  "user_job_id": "2252f7ef-4e6f-4055-a809-922d7a418f41",
  "data": "",
  "IsExecuting": false,
  "IsCancelled": false,
  "IsComplete": false,
  "IsSequenced": false,
  "SequenceId": 0,
  "IsUserInitiated": false
}

2024-06-23 05:14:07,025-07:00 command.engine.getconfiguration SUCCEEDED []
{
  "uuid": "",
  "schedule_id": "",
  "schedule_etag": "",
  "timestamp": "",
  "command": "command.engine.getconfiguration",
  "error_code": 0,
  "error_message": "",
  "initiating_user_sid": "",
  "user": "",
  "user_job_id": "c31e2af9-8cb3-4913-946e-229c5a22ce65",
  "data": "",
  "IsExecuting": false,
  "IsCancelled": false,
  "IsComplete": false,
  "IsSequenced": false,
  "SequenceId": 0,
  "IsUserInitiated": false
}

2024-06-23 06:14:07,024-07:00 command.engine.getconfiguration SUCCEEDED []
{
  "uuid": "",
  "schedule_id": "",
  "schedule_etag": "",
  "timestamp": "",
  "command": "command.engine.getconfiguration",
  "error_code": 0,
  "error_message": "",
  "initiating_user_sid": "",
  "user": "",
  "user_job_id": "47dfaa7d-8a3f-4271-9939-ada42397865f",
  "data": "",
  "IsExecuting": false,
  "IsCancelled": false,
  "IsComplete": false,
  "IsSequenced": false,
  "SequenceId": 0,
  "IsUserInitiated": false
}

2024-06-23 07:14:07,057-07:00 command.engine.getconfiguration SUCCEEDED []
{
  "uuid": "",
  "schedule_id": "",
  "schedule_etag": "",
  "timestamp": "",
  "command": "command.engine.getconfiguration",
  "error_code": 0,
  "error_message": "",
  "initiating_user_sid": "",
  "user": "",
  "user_job_id": "c23c1611-e5a7-4532-a54e-661d47fb13ab",
  "data": "",
  "IsExecuting": false,
  "IsCancelled": false,
  "IsComplete": false,
  "IsSequenced": false,
  "SequenceId": 0,
  "IsUserInitiated": false
}

2024-06-23 08:14:07,046-07:00 command.engine.getconfiguration SUCCEEDED []
{
  "uuid": "",
  "schedule_id": "",
  "schedule_etag": "",
  "timestamp": "",
  "command": "command.engine.getconfiguration",
  "error_code": 0,
  "error_message": "",
  "initiating_user_sid": "",
  "user": "",
  "user_job_id": "f4f6e4f8-2a5e-41c4-983d-6ebac16dac85",
  "data": "",
  "IsExecuting": false,
  "IsCancelled": false,
  "IsComplete": false,
  "IsSequenced": false,
  "SequenceId": 0,
  "IsUserInitiated": false
}

2024-06-23 09:14:07,052-07:00 command.engine.getconfiguration SUCCEEDED []
{
  "uuid": "",
  "schedule_id": "",
  "schedule_etag": "",
  "timestamp": "",
  "command": "command.engine.getconfiguration",
  "error_code": 0,
  "error_message": "",
  "initiating_user_sid": "",
  "user": "",
  "user_job_id": "9ed2c07e-93f5-4441-adea-cee05b6bcf99",
  "data": "",
  "IsExecuting": false,
  "IsCancelled": false,
  "IsComplete": false,
  "IsSequenced": false,
  "SequenceId": 0,
  "IsUserInitiated": false
}

2024-06-23 10:14:07,067-07:00 command.engine.getconfiguration SUCCEEDED []
{
  "uuid": "",
  "schedule_id": "",
  "schedule_etag": "",
  "timestamp": "",
  "command": "command.engine.getconfiguration",
  "error_code": 0,
  "error_message": "",
  "initiating_user_sid": "",
  "user": "",
  "user_job_id": "55f9dc41-1db4-4a6b-bd54-fadb30b85d71",
  "data": "",
  "IsExecuting": false,
  "IsCancelled": false,
  "IsComplete": false,
  "IsSequenced": false,
  "SequenceId": 0,
  "IsUserInitiated": false
}

2024-06-23 11:14:07,074-07:00 command.engine.getconfiguration SUCCEEDED []
{
  "uuid": "",
  "schedule_id": "",
  "schedule_etag": "",
  "timestamp": "",
  "command": "command.engine.getconfiguration",
  "error_code": 0,
  "error_message": "",
  "initiating_user_sid": "",
  "user": "",
  "user_job_id": "85f3411f-8233-4a8b-8033-dd40f867ebac",
  "data": "",
  "IsExecuting": false,
  "IsCancelled": false,
  "IsComplete": false,
  "IsSequenced": false,
  "SequenceId": 0,
  "IsUserInitiated": false
}

2024-06-23 12:14:07,079-07:00 command.engine.getconfiguration SUCCEEDED []
{
  "uuid": "",
  "schedule_id": "",
  "schedule_etag": "",
  "timestamp": "",
  "command": "command.engine.getconfiguration",
  "error_code": 0,
  "error_message": "",
  "initiating_user_sid": "",
  "user": "",
  "user_job_id": "1d9013a9-e6ad-4ee8-a8b2-43c5313637cd",
  "data": "",
  "IsExecuting": false,
  "IsCancelled": false,
  "IsComplete": false,
  "IsSequenced": false,
  "SequenceId": 0,
  "IsUserInitiated": false
}

2024-06-23 13:14:07,090-07:00 command.engine.getconfiguration SUCCEEDED []
{
  "uuid": "",
  "schedule_id": "",
  "schedule_etag": "",
  "timestamp": "",
  "command": "command.engine.getconfiguration",
  "error_code": 0,
  "error_message": "",
  "initiating_user_sid": "",
  "user": "",
  "user_job_id": "1f482b48-12df-4f95-93b1-3708c168c5c7",
  "data": "",
  "IsExecuting": false,
  "IsCancelled": false,
  "IsComplete": false,
  "IsSequenced": false,
  "SequenceId": 0,
  "IsUserInitiated": false
}

2024-06-23 14:14:07,086-07:00 command.engine.getconfiguration SUCCEEDED []
{
  "uuid": "",
  "schedule_id": "",
  "schedule_etag": "",
  "timestamp": "",
  "command": "command.engine.getconfiguration",
  "error_code": 0,
  "error_message": "",
  "initiating_user_sid": "",
  "user": "",
  "user_job_id": "91eb0b9a-0f5a-47aa-a4d5-966ba2af917c",
  "data": "",
  "IsExecuting": false,
  "IsCancelled": false,
  "IsComplete": false,
  "IsSequenced": false,
  "SequenceId": 0,
  "IsUserInitiated": false
}

2024-06-23 15:14:07,106-07:00 command.engine.getconfiguration SUCCEEDED []
{
  "uuid": "",
  "schedule_id": "",
  "schedule_etag": "",
  "timestamp": "",
  "command": "command.engine.getconfiguration",
  "error_code": 0,
  "error_message": "",
  "initiating_user_sid": "",
  "user": "",
  "user_job_id": "0441cc30-e0c2-4199-880c-2c467b52c0ef",
  "data": "",
  "IsExecuting": false,
  "IsCancelled": false,
  "IsComplete": false,
  "IsSequenced": false,
  "SequenceId": 0,
  "IsUserInitiated": false
}

2024-06-23 16:14:07,106-07:00 command.engine.getconfiguration SUCCEEDED []
{
  "uuid": "",
  "schedule_id": "",
  "schedule_etag": "",
  "timestamp": "",
  "command": "command.engine.getconfiguration",
  "error_code": 0,
  "error_message": "",
  "initiating_user_sid": "",
  "user": "",
  "user_job_id": "50ed118e-aeeb-4e45-9dd9-2a9b9f91a428",
  "data": "",
  "IsExecuting": false,
  "IsCancelled": false,
  "IsComplete": false,
  "IsSequenced": false,
  "SequenceId": 0,
  "IsUserInitiated": false
}

2024-06-23 17:14:07,110-07:00 command.engine.getconfiguration SUCCEEDED []
{
  "uuid": "",
  "schedule_id": "",
  "schedule_etag": "",
  "timestamp": "",
  "command": "command.engine.getconfiguration",
  "error_code": 0,
  "error_message": "",
  "initiating_user_sid": "",
  "user": "",
  "user_job_id": "51bf105e-4cb4-43aa-8cbf-76059a0ab229",
  "data": "",
  "IsExecuting": false,
  "IsCancelled": false,
  "IsComplete": false,
  "IsSequenced": false,
  "SequenceId": 0,
  "IsUserInitiated": false
}

2024-06-23 18:14:07,117-07:00 command.engine.getconfiguration SUCCEEDED []
{
  "uuid": "",
  "schedule_id": "",
  "schedule_etag": "",
  "timestamp": "",
  "command": "command.engine.getconfiguration",
  "error_code": 0,
  "error_message": "",
  "initiating_user_sid": "",
  "user": "",
  "user_job_id": "fc9c07d6-203b-4505-99ca-c824de004da0",
  "data": "",
  "IsExecuting": false,
  "IsCancelled": false,
  "IsComplete": false,
  "IsSequenced": false,
  "SequenceId": 0,
  "IsUserInitiated": false
}

2024-06-23 19:14:07,126-07:00 command.engine.getconfiguration SUCCEEDED []
{
  "uuid": "",
  "schedule_id": "",
  "schedule_etag": "",
  "timestamp": "",
  "command": "command.engine.getconfiguration",
  "error_code": 0,
  "error_message": "",
  "initiating_user_sid": "",
  "user": "",
  "user_job_id": "727bd7b8-9319-434c-8025-0e01ef00e201",
  "data": "",
  "IsExecuting": false,
  "IsCancelled": false,
  "IsComplete": false,
  "IsSequenced": false,
  "SequenceId": 0,
  "IsUserInitiated": false
}

2024-06-23 20:14:07,144-07:00 command.engine.getconfiguration SUCCEEDED []
{
  "uuid": "",
  "schedule_id": "",
  "schedule_etag": "",
  "timestamp": "",
  "command": "command.engine.getconfiguration",
  "error_code": 0,
  "error_message": "",
  "initiating_user_sid": "",
  "user": "",
  "user_job_id": "af638074-7f1b-4805-a4b6-140e685483eb",
  "data": "",
  "IsExecuting": false,
  "IsCancelled": false,
  "IsComplete": false,
  "IsSequenced": false,
  "SequenceId": 0,
  "IsUserInitiated": false
}

2024-06-23 21:14:07,133-07:00 command.engine.getconfiguration SUCCEEDED []
{
  "uuid": "",
  "schedule_id": "",
  "schedule_etag": "",
  "timestamp": "",
  "command": "command.engine.getconfiguration",
  "error_code": 0,
  "error_message": "",
  "initiating_user_sid": "",
  "user": "",
  "user_job_id": "b11ea94e-7be5-40a7-bc6f-5496ae99c7aa",
  "data": "",
  "IsExecuting": false,
  "IsCancelled": false,
  "IsComplete": false,
  "IsSequenced": false,
  "SequenceId": 0,
  "IsUserInitiated": false
}

2024-06-23 22:14:07,157-07:00 command.engine.getconfiguration SUCCEEDED []
{
  "uuid": "",
  "schedule_id": "",
  "schedule_etag": "",
  "timestamp": "",
  "command": "command.engine.getconfiguration",
  "error_code": 0,
  "error_message": "",
  "initiating_user_sid": "",
  "user": "",
  "user_job_id": "84e07e99-7849-43dc-8e8f-d5540ec5f8dc",
  "data": "",
  "IsExecuting": false,
  "IsCancelled": false,
  "IsComplete": false,
  "IsSequenced": false,
  "SequenceId": 0,
  "IsUserInitiated": false
}

2024-06-23 23:14:07,162-07:00 command.engine.getconfiguration SUCCEEDED []
{
  "uuid": "",
  "schedule_id": "",
  "schedule_etag": "",
  "timestamp": "",
  "command": "command.engine.getconfiguration",
  "error_code": 0,
  "error_message": "",
  "initiating_user_sid": "",
  "user": "",
  "user_job_id": "128e20a0-3193-4c2f-b053-2ac3c2f2ae85",
  "data": "",
  "IsExecuting": false,
  "IsCancelled": false,
  "IsComplete": false,
  "IsSequenced": false,
  "SequenceId": 0,
  "IsUserInitiated": false
}

2024-06-24 00:14:07,180-07:00 command.engine.getconfiguration SUCCEEDED []
{
  "uuid": "",
  "schedule_id": "",
  "schedule_etag": "",
  "timestamp": "",
  "command": "command.engine.getconfiguration",
  "error_code": 0,
  "error_message": "",
  "initiating_user_sid": "",
  "user": "",
  "user_job_id": "4a4d7352-ac33-4472-97ba-a66cf3058177",
  "data": "",
  "IsExecuting": false,
  "IsCancelled": false,
  "IsComplete": false,
  "IsSequenced": false,
  "SequenceId": 0,
  "IsUserInitiated": false
}

2024-06-24 01:14:07,183-07:00 command.engine.getconfiguration SUCCEEDED []
{
  "uuid": "",
  "schedule_id": "",
  "schedule_etag": "",
  "timestamp": "",
  "command": "command.engine.getconfiguration",
  "error_code": 0,
  "error_message": "",
  "initiating_user_sid": "",
  "user": "",
  "user_job_id": "24470591-07ad-435c-95fc-af071aa04340",
  "data": "",
  "IsExecuting": false,
  "IsCancelled": false,
  "IsComplete": false,
  "IsSequenced": false,
  "SequenceId": 0,
  "IsUserInitiated": false
}

2024-06-24 02:14:07,188-07:00 command.engine.getconfiguration SUCCEEDED []
{
  "uuid": "",
  "schedule_id": "",
  "schedule_etag": "",
  "timestamp": "",
  "command": "command.engine.getconfiguration",
  "error_code": 0,
  "error_message": "",
  "initiating_user_sid": "",
  "user": "",
  "user_job_id": "37ea9b97-18db-43bc-9759-6a6207e7d96a",
  "data": "",
  "IsExecuting": false,
  "IsCancelled": false,
  "IsComplete": false,
  "IsSequenced": false,
  "SequenceId": 0,
  "IsUserInitiated": false
}

2024-06-24 03:14:07,200-07:00 command.engine.getconfiguration SUCCEEDED []
{
  "uuid": "",
  "schedule_id": "",
  "schedule_etag": "",
  "timestamp": "",
  "command": "command.engine.getconfiguration",
  "error_code": 0,
  "error_message": "",
  "initiating_user_sid": "",
  "user": "",
  "user_job_id": "fb8f218a-f49d-49ef-9af5-a38477f0af15",
  "data": "",
  "IsExecuting": false,
  "IsCancelled": false,
  "IsComplete": false,
  "IsSequenced": false,
  "SequenceId": 0,
  "IsUserInitiated": false
}

2024-06-24 04:14:07,196-07:00 command.engine.getconfiguration SUCCEEDED []
{
  "uuid": "",
  "schedule_id": "",
  "schedule_etag": "",
  "timestamp": "",
  "command": "command.engine.getconfiguration",
  "error_code": 0,
  "error_message": "",
  "initiating_user_sid": "",
  "user": "",
  "user_job_id": "23bcd51d-47fe-4fd2-af78-e29e19ca46e4",
  "data": "",
  "IsExecuting": false,
  "IsCancelled": false,
  "IsComplete": false,
  "IsSequenced": false,
  "SequenceId": 0,
  "IsUserInitiated": false
}

2024-06-24 05:14:07,208-07:00 command.engine.getconfiguration SUCCEEDED []
{
  "uuid": "",
  "schedule_id": "",
  "schedule_etag": "",
  "timestamp": "",
  "command": "command.engine.getconfiguration",
  "error_code": 0,
  "error_message": "",
  "initiating_user_sid": "",
  "user": "",
  "user_job_id": "a9b0c11f-e91a-4278-9656-30be440d2bdf",
  "data": "",
  "IsExecuting": false,
  "IsCancelled": false,
  "IsComplete": false,
  "IsSequenced": false,
  "SequenceId": 0,
  "IsUserInitiated": false
}

2024-06-24 06:14:07,218-07:00 command.engine.getconfiguration SUCCEEDED []
{
  "uuid": "",
  "schedule_id": "",
  "schedule_etag": "",
  "timestamp": "",
  "command": "command.engine.getconfiguration",
  "error_code": 0,
  "error_message": "",
  "initiating_user_sid": "",
  "user": "",
  "user_job_id": "0004368b-94e9-4394-b4ed-21d7387c2dfb",
  "data": "",
  "IsExecuting": false,
  "IsCancelled": false,
  "IsComplete": false,
  "IsSequenced": false,
  "SequenceId": 0,
  "IsUserInitiated": false
}

2024-06-24 07:14:07,228-07:00 command.engine.getconfiguration SUCCEEDED []
{
  "uuid": "",
  "schedule_id": "",
  "schedule_etag": "",
  "timestamp": "",
  "command": "command.engine.getconfiguration",
  "error_code": 0,
  "error_message": "",
  "initiating_user_sid": "",
  "user": "",
  "user_job_id": "092233b7-1da3-4e1e-b8b7-2984293afbb9",
  "data": "",
  "IsExecuting": false,
  "IsCancelled": false,
  "IsComplete": false,
  "IsSequenced": false,
  "SequenceId": 0,
  "IsUserInitiated": false
}

2024-06-24 08:14:07,247-07:00 command.engine.getconfiguration SUCCEEDED []
{
  "uuid": "",
  "schedule_id": "",
  "schedule_etag": "",
  "timestamp": "",
  "command": "command.engine.getconfiguration",
  "error_code": 0,
  "error_message": "",
  "initiating_user_sid": "",
  "user": "",
  "user_job_id": "9a682bcc-029d-4e40-96cc-4dde0490666b",
  "data": "",
  "IsExecuting": false,
  "IsCancelled": false,
  "IsComplete": false,
  "IsSequenced": false,
  "SequenceId": 0,
  "IsUserInitiated": false
}

2024-06-24 09:14:07,260-07:00 command.engine.getconfiguration SUCCEEDED []
{
  "uuid": "",
  "schedule_id": "",
  "schedule_etag": "",
  "timestamp": "",
  "command": "command.engine.getconfiguration",
  "error_code": 0,
  "error_message": "",
  "initiating_user_sid": "",
  "user": "",
  "user_job_id": "1cd7be08-8ba5-4622-80ef-eea19e8aba45",
  "data": "",
  "IsExecuting": false,
  "IsCancelled": false,
  "IsComplete": false,
  "IsSequenced": false,
  "SequenceId": 0,
  "IsUserInitiated": false
}

2024-06-24 10:14:07,274-07:00 command.engine.getconfiguration SUCCEEDED []
{
  "uuid": "",
  "schedule_id": "",
  "schedule_etag": "",
  "timestamp": "",
  "command": "command.engine.getconfiguration",
  "error_code": 0,
  "error_message": "",
  "initiating_user_sid": "",
  "user": "",
  "user_job_id": "05313a6d-fd22-4c70-8da4-dbf36162ca4f",
  "data": "",
  "IsExecuting": false,
  "IsCancelled": false,
  "IsComplete": false,
  "IsSequenced": false,
  "SequenceId": 0,
  "IsUserInitiated": false
}

2024-06-24 11:14:07,270-07:00 command.engine.getconfiguration SUCCEEDED []
{
  "uuid": "",
  "schedule_id": "",
  "schedule_etag": "",
  "timestamp": "",
  "command": "command.engine.getconfiguration",
  "error_code": 0,
  "error_message": "",
  "initiating_user_sid": "",
  "user": "",
  "user_job_id": "a9745be6-5860-4c91-b166-ad4dadec0fcf",
  "data": "",
  "IsExecuting": false,
  "IsCancelled": false,
  "IsComplete": false,
  "IsSequenced": false,
  "SequenceId": 0,
  "IsUserInitiated": false
}

2024-06-24 12:14:07,292-07:00 command.engine.getconfiguration SUCCEEDED []
{
  "uuid": "",
  "schedule_id": "",
  "schedule_etag": "",
  "timestamp": "",
  "command": "command.engine.getconfiguration",
  "error_code": 0,
  "error_message": "",
  "initiating_user_sid": "",
  "user": "",
  "user_job_id": "afe0660f-839b-4e79-80a3-f50764a04356",
  "data": "",
  "IsExecuting": false,
  "IsCancelled": false,
  "IsComplete": false,
  "IsSequenced": false,
  "SequenceId": 0,
  "IsUserInitiated": false
}

2024-06-24 13:14:07,279-07:00 command.engine.getconfiguration SUCCEEDED []
{
  "uuid": "",
  "schedule_id": "",
  "schedule_etag": "",
  "timestamp": "",
  "command": "command.engine.getconfiguration",
  "error_code": 0,
  "error_message": "",
  "initiating_user_sid": "",
  "user": "",
  "user_job_id": "f9f30e79-8f16-48dd-ae70-946121120957",
  "data": "",
  "IsExecuting": false,
  "IsCancelled": false,
  "IsComplete": false,
  "IsSequenced": false,
  "SequenceId": 0,
  "IsUserInitiated": false
}

2024-06-24 14:14:07,286-07:00 command.engine.getconfiguration SUCCEEDED []
{
  "uuid": "",
  "schedule_id": "",
  "schedule_etag": "",
  "timestamp": "",
  "command": "command.engine.getconfiguration",
  "error_code": 0,
  "error_message": "",
  "initiating_user_sid": "",
  "user": "",
  "user_job_id": "e16dd8bb-d9f7-43e3-baa3-5555d06e1243",
  "data": "",
  "IsExecuting": false,
  "IsCancelled": false,
  "IsComplete": false,
  "IsSequenced": false,
  "SequenceId": 0,
  "IsUserInitiated": false
}

2024-06-24 15:14:07,306-07:00 command.engine.getconfiguration SUCCEEDED []
{
  "uuid": "",
  "schedule_id": "",
  "schedule_etag": "",
  "timestamp": "",
  "command": "command.engine.getconfiguration",
  "error_code": 0,
  "error_message": "",
  "initiating_user_sid": "",
  "user": "",
  "user_job_id": "55ff6e48-53a4-4a9b-8981-87f434d1a402",
  "data": "",
  "IsExecuting": false,
  "IsCancelled": false,
  "IsComplete": false,
  "IsSequenced": false,
  "SequenceId": 0,
  "IsUserInitiated": false
}

2024-06-24 16:14:07,307-07:00 command.engine.getconfiguration SUCCEEDED []
{
  "uuid": "",
  "schedule_id": "",
  "schedule_etag": "",
  "timestamp": "",
  "command": "command.engine.getconfiguration",
  "error_code": 0,
  "error_message": "",
  "initiating_user_sid": "",
  "user": "",
  "user_job_id": "29d89cc5-5c80-48e9-b85a-00e4b33743ac",
  "data": "",
  "IsExecuting": false,
  "IsCancelled": false,
  "IsComplete": false,
  "IsSequenced": false,
  "SequenceId": 0,
  "IsUserInitiated": false
}

2024-06-24 17:14:07,341-07:00 command.engine.getconfiguration SUCCEEDED []
{
  "uuid": "",
  "schedule_id": "",
  "schedule_etag": "",
  "timestamp": "",
  "command": "command.engine.getconfiguration",
  "error_code": 0,
  "error_message": "",
  "initiating_user_sid": "",
  "user": "",
  "user_job_id": "44310561-9fe4-49ab-a990-2045cbfe29d1",
  "data": "",
  "IsExecuting": false,
  "IsCancelled": false,
  "IsComplete": false,
  "IsSequenced": false,
  "SequenceId": 0,
  "IsUserInitiated": false
}

2024-06-24 18:14:07,335-07:00 command.engine.getconfiguration SUCCEEDED []
{
  "uuid": "",
  "schedule_id": "",
  "schedule_etag": "",
  "timestamp": "",
  "command": "command.engine.getconfiguration",
  "error_code": 0,
  "error_message": "",
  "initiating_user_sid": "",
  "user": "",
  "user_job_id": "61671039-d5a3-483f-99da-07a9e67595af",
  "data": "",
  "IsExecuting": false,
  "IsCancelled": false,
  "IsComplete": false,
  "IsSequenced": false,
  "SequenceId": 0,
  "IsUserInitiated": false
}

2024-06-24 19:14:07,344-07:00 command.engine.getconfiguration SUCCEEDED []
{
  "uuid": "",
  "schedule_id": "",
  "schedule_etag": "",
  "timestamp": "",
  "command": "command.engine.getconfiguration",
  "error_code": 0,
  "error_message": "",
  "initiating_user_sid": "",
  "user": "",
  "user_job_id": "704dd495-3dce-4209-b350-b5c0d8a786a8",
  "data": "",
  "IsExecuting": false,
  "IsCancelled": false,
  "IsComplete": false,
  "IsSequenced": false,
  "SequenceId": 0,
  "IsUserInitiated": false
}

2024-06-24 20:14:07,337-07:00 command.engine.getconfiguration SUCCEEDED []
{
  "uuid": "",
  "schedule_id": "",
  "schedule_etag": "",
  "timestamp": "",
  "command": "command.engine.getconfiguration",
  "error_code": 0,
  "error_message": "",
  "initiating_user_sid": "",
  "user": "",
  "user_job_id": "84bf4c7e-a00f-4e8f-bd4c-3ffc373c7192",
  "data": "",
  "IsExecuting": false,
  "IsCancelled": false,
  "IsComplete": false,
  "IsSequenced": false,
  "SequenceId": 0,
  "IsUserInitiated": false
}

2024-06-24 21:14:07,350-07:00 command.engine.getconfiguration SUCCEEDED []
{
  "uuid": "",
  "schedule_id": "",
  "schedule_etag": "",
  "timestamp": "",
  "command": "command.engine.getconfiguration",
  "error_code": 0,
  "error_message": "",
  "initiating_user_sid": "",
  "user": "",
  "user_job_id": "ad27980b-004f-4482-93db-6bf0ee3b00ed",
  "data": "",
  "IsExecuting": false,
  "IsCancelled": false,
  "IsComplete": false,
  "IsSequenced": false,
  "SequenceId": 0,
  "IsUserInitiated": false
}

2024-06-24 22:14:07,355-07:00 command.engine.getconfiguration SUCCEEDED []
{
  "uuid": "",
  "schedule_id": "",
  "schedule_etag": "",
  "timestamp": "",
  "command": "command.engine.getconfiguration",
  "error_code": 0,
  "error_message": "",
  "initiating_user_sid": "",
  "user": "",
  "user_job_id": "5a4a6896-9b77-4fca-aaf2-9434d71f416f",
  "data": "",
  "IsExecuting": false,
  "IsCancelled": false,
  "IsComplete": false,
  "IsSequenced": false,
  "SequenceId": 0,
  "IsUserInitiated": false
}

2024-06-24 23:14:07,361-07:00 command.engine.getconfiguration SUCCEEDED []
{
  "uuid": "",
  "schedule_id": "",
  "schedule_etag": "",
  "timestamp": "",
  "command": "command.engine.getconfiguration",
  "error_code": 0,
  "error_message": "",
  "initiating_user_sid": "",
  "user": "",
  "user_job_id": "da1a7241-32b6-4fd9-a96e-fa65993210c9",
  "data": "",
  "IsExecuting": false,
  "IsCancelled": false,
  "IsComplete": false,
  "IsSequenced": false,
  "SequenceId": 0,
  "IsUserInitiated": false
}

2024-06-25 00:14:07,362-07:00 command.engine.getconfiguration SUCCEEDED []
{
  "uuid": "",
  "schedule_id": "",
  "schedule_etag": "",
  "timestamp": "",
  "command": "command.engine.getconfiguration",
  "error_code": 0,
  "error_message": "",
  "initiating_user_sid": "",
  "user": "",
  "user_job_id": "034a6bc2-028f-4715-aa32-7b137ebbaeae",
  "data": "",
  "IsExecuting": false,
  "IsCancelled": false,
  "IsComplete": false,
  "IsSequenced": false,
  "SequenceId": 0,
  "IsUserInitiated": false
}

2024-06-25 01:14:07,379-07:00 command.engine.getconfiguration SUCCEEDED []
{
  "uuid": "",
  "schedule_id": "",
  "schedule_etag": "",
  "timestamp": "",
  "command": "command.engine.getconfiguration",
  "error_code": 0,
  "error_message": "",
  "initiating_user_sid": "",
  "user": "",
  "user_job_id": "f7ce7340-2c0e-430c-b3a1-126464390f7d",
  "data": "",
  "IsExecuting": false,
  "IsCancelled": false,
  "IsComplete": false,
  "IsSequenced": false,
  "SequenceId": 0,
  "IsUserInitiated": false
}

2024-06-25 02:14:07,378-07:00 command.engine.getconfiguration SUCCEEDED []
{
  "uuid": "",
  "schedule_id": "",
  "schedule_etag": "",
  "timestamp": "",
  "command": "command.engine.getconfiguration",
  "error_code": 0,
  "error_message": "",
  "initiating_user_sid": "",
  "user": "",
  "user_job_id": "691ddd6a-c1d3-4bd5-9f82-5cac86a7997a",
  "data": "",
  "IsExecuting": false,
  "IsCancelled": false,
  "IsComplete": false,
  "IsSequenced": false,
  "SequenceId": 0,
  "IsUserInitiated": false
}

2024-06-25 03:14:07,388-07:00 command.engine.getconfiguration SUCCEEDED []
{
  "uuid": "",
  "schedule_id": "",
  "schedule_etag": "",
  "timestamp": "",
  "command": "command.engine.getconfiguration",
  "error_code": 0,
  "error_message": "",
  "initiating_user_sid": "",
  "user": "",
  "user_job_id": "255c48f5-264d-4d79-84d3-8f9c8443a5d5",
  "data": "",
  "IsExecuting": false,
  "IsCancelled": false,
  "IsComplete": false,
  "IsSequenced": false,
  "SequenceId": 0,
  "IsUserInitiated": false
}

2024-06-25 04:14:07,400-07:00 command.engine.getconfiguration SUCCEEDED []
{
  "uuid": "",
  "schedule_id": "",
  "schedule_etag": "",
  "timestamp": "",
  "command": "command.engine.getconfiguration",
  "error_code": 0,
  "error_message": "",
  "initiating_user_sid": "",
  "user": "",
  "user_job_id": "ad6fcf4b-a6df-4e21-8f86-4fed053f00a0",
  "data": "",
  "IsExecuting": false,
  "IsCancelled": false,
  "IsComplete": false,
  "IsSequenced": false,
  "SequenceId": 0,
  "IsUserInitiated": false
}

2024-06-25 05:14:07,423-07:00 command.engine.getconfiguration SUCCEEDED []
{
  "uuid": "",
  "schedule_id": "",
  "schedule_etag": "",
  "timestamp": "",
  "command": "command.engine.getconfiguration",
  "error_code": 0,
  "error_message": "",
  "initiating_user_sid": "",
  "user": "",
  "user_job_id": "dde38606-5537-4082-9cf0-b52149d9481c",
  "data": "",
  "IsExecuting": false,
  "IsCancelled": false,
  "IsComplete": false,
  "IsSequenced": false,
  "SequenceId": 0,
  "IsUserInitiated": false
}

2024-06-25 06:14:07,414-07:00 command.engine.getconfiguration SUCCEEDED []
{
  "uuid": "",
  "schedule_id": "",
  "schedule_etag": "",
  "timestamp": "",
  "command": "command.engine.getconfiguration",
  "error_code": 0,
  "error_message": "",
  "initiating_user_sid": "",
  "user": "",
  "user_job_id": "9b72c51d-34a3-4e9d-a70e-249294d5b023",
  "data": "",
  "IsExecuting": false,
  "IsCancelled": false,
  "IsComplete": false,
  "IsSequenced": false,
  "SequenceId": 0,
  "IsUserInitiated": false
}

2024-06-25 07:14:07,421-07:00 command.engine.getconfiguration SUCCEEDED []
{
  "uuid": "",
  "schedule_id": "",
  "schedule_etag": "",
  "timestamp": "",
  "command": "command.engine.getconfiguration",
  "error_code": 0,
  "error_message": "",
  "initiating_user_sid": "",
  "user": "",
  "user_job_id": "5032c4a2-f95c-439e-ad7d-8bbddb284b86",
  "data": "",
  "IsExecuting": false,
  "IsCancelled": false,
  "IsComplete": false,
  "IsSequenced": false,
  "SequenceId": 0,
  "IsUserInitiated": false
}

2024-06-25 08:14:07,429-07:00 command.engine.getconfiguration SUCCEEDED []
{
  "uuid": "",
  "schedule_id": "",
  "schedule_etag": "",
  "timestamp": "",
  "command": "command.engine.getconfiguration",
  "error_code": 0,
  "error_message": "",
  "initiating_user_sid": "",
  "user": "",
  "user_job_id": "777d7a24-597b-4dd7-b931-2ca8624b9442",
  "data": "",
  "IsExecuting": false,
  "IsCancelled": false,
  "IsComplete": false,
  "IsSequenced": false,
  "SequenceId": 0,
  "IsUserInitiated": false
}

2024-06-25 09:14:07,442-07:00 command.engine.getconfiguration SUCCEEDED []
{
  "uuid": "",
  "schedule_id": "",
  "schedule_etag": "",
  "timestamp": "",
  "command": "command.engine.getconfiguration",
  "error_code": 0,
  "error_message": "",
  "initiating_user_sid": "",
  "user": "",
  "user_job_id": "a82085cf-bc47-4c8e-b6d9-f343c9c6ee89",
  "data": "",
  "IsExecuting": false,
  "IsCancelled": false,
  "IsComplete": false,
  "IsSequenced": false,
  "SequenceId": 0,
  "IsUserInitiated": false
}

2024-06-25 10:14:07,465-07:00 command.engine.getconfiguration SUCCEEDED []
{
  "uuid": "",
  "schedule_id": "",
  "schedule_etag": "",
  "timestamp": "",
  "command": "command.engine.getconfiguration",
  "error_code": 0,
  "error_message": "",
  "initiating_user_sid": "",
  "user": "",
  "user_job_id": "25635e2b-de97-4e2b-97e3-d326b71c0e48",
  "data": "",
  "IsExecuting": false,
  "IsCancelled": false,
  "IsComplete": false,
  "IsSequenced": false,
  "SequenceId": 0,
  "IsUserInitiated": false
}

2024-06-25 11:14:07,454-07:00 command.engine.getconfiguration SUCCEEDED []
{
  "uuid": "",
  "schedule_id": "",
  "schedule_etag": "",
  "timestamp": "",
  "command": "command.engine.getconfiguration",
  "error_code": 0,
  "error_message": "",
  "initiating_user_sid": "",
  "user": "",
  "user_job_id": "7ccebddf-f6ce-4bdb-a22b-ca7e0f93ceec",
  "data": "",
  "IsExecuting": false,
  "IsCancelled": false,
  "IsComplete": false,
  "IsSequenced": false,
  "SequenceId": 0,
  "IsUserInitiated": false
}

2024-06-25 12:14:07,483-07:00 command.engine.getconfiguration SUCCEEDED []
{
  "uuid": "",
  "schedule_id": "",
  "schedule_etag": "",
  "timestamp": "",
  "command": "command.engine.getconfiguration",
  "error_code": 0,
  "error_message": "",
  "initiating_user_sid": "",
  "user": "",
  "user_job_id": "f1afad03-df87-49bb-9f03-f0918796fdc7",
  "data": "",
  "IsExecuting": false,
  "IsCancelled": false,
  "IsComplete": false,
  "IsSequenced": false,
  "SequenceId": 0,
  "IsUserInitiated": false
}

2024-06-25 13:14:07,484-07:00 command.engine.getconfiguration SUCCEEDED []
{
  "uuid": "",
  "schedule_id": "",
  "schedule_etag": "",
  "timestamp": "",
  "command": "command.engine.getconfiguration",
  "error_code": 0,
  "error_message": "",
  "initiating_user_sid": "",
  "user": "",
  "user_job_id": "ee06e25a-e338-48c2-a246-0eb8ce3ac7b0",
  "data": "",
  "IsExecuting": false,
  "IsCancelled": false,
  "IsComplete": false,
  "IsSequenced": false,
  "SequenceId": 0,
  "IsUserInitiated": false
}

2024-06-25 14:14:07,474-07:00 command.engine.getconfiguration SUCCEEDED []
{
  "uuid": "",
  "schedule_id": "",
  "schedule_etag": "",
  "timestamp": "",
  "command": "command.engine.getconfiguration",
  "error_code": 0,
  "error_message": "",
  "initiating_user_sid": "",
  "user": "",
  "user_job_id": "adcbe330-b44a-4e88-bf61-0785bc9afcc0",
  "data": "",
  "IsExecuting": false,
  "IsCancelled": false,
  "IsComplete": false,
  "IsSequenced": false,
  "SequenceId": 0,
  "IsUserInitiated": false
}

2024-06-25 15:14:07,484-07:00 command.engine.getconfiguration SUCCEEDED []
{
  "uuid": "",
  "schedule_id": "",
  "schedule_etag": "",
  "timestamp": "",
  "command": "command.engine.getconfiguration",
  "error_code": 0,
  "error_message": "",
  "initiating_user_sid": "",
  "user": "",
  "user_job_id": "ffe2d7b0-7a32-48d5-9d39-9b6582fd5f7d",
  "data": "",
  "IsExecuting": false,
  "IsCancelled": false,
  "IsComplete": false,
  "IsSequenced": false,
  "SequenceId": 0,
  "IsUserInitiated": false
}

2024-06-25 16:14:07,491-07:00 command.engine.getconfiguration SUCCEEDED []
{
  "uuid": "",
  "schedule_id": "",
  "schedule_etag": "",
  "timestamp": "",
  "command": "command.engine.getconfiguration",
  "error_code": 0,
  "error_message": "",
  "initiating_user_sid": "",
  "user": "",
  "user_job_id": "63a6d62e-907d-401e-9fa5-1fcf07f8ce0f",
  "data": "",
  "IsExecuting": false,
  "IsCancelled": false,
  "IsComplete": false,
  "IsSequenced": false,
  "SequenceId": 0,
  "IsUserInitiated": false
}

2024-06-25 17:14:07,500-07:00 command.engine.getconfiguration SUCCEEDED []
{
  "uuid": "",
  "schedule_id": "",
  "schedule_etag": "",
  "timestamp": "",
  "command": "command.engine.getconfiguration",
  "error_code": 0,
  "error_message": "",
  "initiating_user_sid": "",
  "user": "",
  "user_job_id": "b65ea2b0-11e3-4557-9cb3-d4cb93b01b90",
  "data": "",
  "IsExecuting": false,
  "IsCancelled": false,
  "IsComplete": false,
  "IsSequenced": false,
  "SequenceId": 0,
  "IsUserInitiated": false
}

2024-06-25 18:14:07,517-07:00 command.engine.getconfiguration SUCCEEDED []
{
  "uuid": "",
  "schedule_id": "",
  "schedule_etag": "",
  "timestamp": "",
  "command": "command.engine.getconfiguration",
  "error_code": 0,
  "error_message": "",
  "initiating_user_sid": "",
  "user": "",
  "user_job_id": "b9f3e13e-9ff9-4c7f-800f-3e95cc520db2",
  "data": "",
  "IsExecuting": false,
  "IsCancelled": false,
  "IsComplete": false,
  "IsSequenced": false,
  "SequenceId": 0,
  "IsUserInitiated": false
}

2024-06-25 19:14:07,528-07:00 command.engine.getconfiguration SUCCEEDED []
{
  "uuid": "",
  "schedule_id": "",
  "schedule_etag": "",
  "timestamp": "",
  "command": "command.engine.getconfiguration",
  "error_code": 0,
  "error_message": "",
  "initiating_user_sid": "",
  "user": "",
  "user_job_id": "a53d3a45-ef05-4150-adde-5c5e7d22fc22",
  "data": "",
  "IsExecuting": false,
  "IsCancelled": false,
  "IsComplete": false,
  "IsSequenced": false,
  "SequenceId": 0,
  "IsUserInitiated": false
}

2024-06-25 20:14:07,519-07:00 command.engine.getconfiguration SUCCEEDED []
{
  "uuid": "",
  "schedule_id": "",
  "schedule_etag": "",
  "timestamp": "",
  "command": "command.engine.getconfiguration",
  "error_code": 0,
  "error_message": "",
  "initiating_user_sid": "",
  "user": "",
  "user_job_id": "3f89082b-f1c7-42f7-8259-66a18c7babf6",
  "data": "",
  "IsExecuting": false,
  "IsCancelled": false,
  "IsComplete": false,
  "IsSequenced": false,
  "SequenceId": 0,
  "IsUserInitiated": false
}

2024-06-25 21:14:07,526-07:00 command.engine.getconfiguration SUCCEEDED []
{
  "uuid": "",
  "schedule_id": "",
  "schedule_etag": "",
  "timestamp": "",
  "command": "command.engine.getconfiguration",
  "error_code": 0,
  "error_message": "",
  "initiating_user_sid": "",
  "user": "",
  "user_job_id": "a5a71096-d7df-4923-a2ec-b57505e12dd4",
  "data": "",
  "IsExecuting": false,
  "IsCancelled": false,
  "IsComplete": false,
  "IsSequenced": false,
  "SequenceId": 0,
  "IsUserInitiated": false
}

2024-06-25 22:14:07,549-07:00 command.engine.getconfiguration SUCCEEDED []
{
  "uuid": "",
  "schedule_id": "",
  "schedule_etag": "",
  "timestamp": "",
  "command": "command.engine.getconfiguration",
  "error_code": 0,
  "error_message": "",
  "initiating_user_sid": "",
  "user": "",
  "user_job_id": "251347fd-9fe5-41e8-8e94-f17fe39d6c6b",
  "data": "",
  "IsExecuting": false,
  "IsCancelled": false,
  "IsComplete": false,
  "IsSequenced": false,
  "SequenceId": 0,
  "IsUserInitiated": false
}

2024-06-25 23:14:07,534-07:00 command.engine.getconfiguration SUCCEEDED []
{
  "uuid": "",
  "schedule_id": "",
  "schedule_etag": "",
  "timestamp": "",
  "command": "command.engine.getconfiguration",
  "error_code": 0,
  "error_message": "",
  "initiating_user_sid": "",
  "user": "",
  "user_job_id": "60a8b431-99a2-47ed-b05e-73e10cb8c076",
  "data": "",
  "IsExecuting": false,
  "IsCancelled": false,
  "IsComplete": false,
  "IsSequenced": false,
  "SequenceId": 0,
  "IsUserInitiated": false
}

2024-06-26 00:14:07,550-07:00 command.engine.getconfiguration SUCCEEDED []
{
  "uuid": "",
  "schedule_id": "",
  "schedule_etag": "",
  "timestamp": "",
  "command": "command.engine.getconfiguration",
  "error_code": 0,
  "error_message": "",
  "initiating_user_sid": "",
  "user": "",
  "user_job_id": "8c796c37-2be0-4f72-a2af-9c5f3d3bb805",
  "data": "",
  "IsExecuting": false,
  "IsCancelled": false,
  "IsComplete": false,
  "IsSequenced": false,
  "SequenceId": 0,
  "IsUserInitiated": false
}

2024-06-26 01:14:07,567-07:00 command.engine.getconfiguration SUCCEEDED []
{
  "uuid": "",
  "schedule_id": "",
  "schedule_etag": "",
  "timestamp": "",
  "command": "command.engine.getconfiguration",
  "error_code": 0,
  "error_message": "",
  "initiating_user_sid": "",
  "user": "",
  "user_job_id": "a310e152-c6a8-41a1-ba98-3d0781f5853e",
  "data": "",
  "IsExecuting": false,
  "IsCancelled": false,
  "IsComplete": false,
  "IsSequenced": false,
  "SequenceId": 0,
  "IsUserInitiated": false
}

2024-06-26 02:14:07,562-07:00 command.engine.getconfiguration SUCCEEDED []
{
  "uuid": "",
  "schedule_id": "",
  "schedule_etag": "",
  "timestamp": "",
  "command": "command.engine.getconfiguration",
  "error_code": 0,
  "error_message": "",
  "initiating_user_sid": "",
  "user": "",
  "user_job_id": "4e5c4139-5d73-4c08-b3fd-146ff8b1aaea",
  "data": "",
  "IsExecuting": false,
  "IsCancelled": false,
  "IsComplete": false,
  "IsSequenced": false,
  "SequenceId": 0,
  "IsUserInitiated": false
}

2024-06-26 03:14:07,564-07:00 command.engine.getconfiguration SUCCEEDED []
{
  "uuid": "",
  "schedule_id": "",
  "schedule_etag": "",
  "timestamp": "",
  "command": "command.engine.getconfiguration",
  "error_code": 0,
  "error_message": "",
  "initiating_user_sid": "",
  "user": "",
  "user_job_id": "ebb72589-548a-4387-a280-cb00bbdfdba4",
  "data": "",
  "IsExecuting": false,
  "IsCancelled": false,
  "IsComplete": false,
  "IsSequenced": false,
  "SequenceId": 0,
  "IsUserInitiated": false
}
